Using pre-set license
Built from '2021.3/staging' branch; Version is '2021.3.15f1 (e8e88683f834) revision 15263878'; Using compiler version '192829333'; Build Type 'Release'
OS: 'Windows 10  (10.0.19045) 64bit Enterprise' Language: 'es' Physical Memory: 32621 MB
BatchMode: 1, IsHumanControllingUs: 0, StartBugReporterOnCrash: 0, Is64bit: 1, IsPro: 1

COMMAND LINE ARGUMENTS:
C:\Program Files\Unity 2021.3.15f1\Editor\Unity.exe
-adb2
-batchMode
-noUpm
-name
AssetImportWorker4
-projectPath
C:/Users/GenisSuriol/Documents/ProjectY/ProjectY
-logFile
Logs/AssetImportWorker4.log
-srvPort
62304
Successfully changed project path to: C:/Users/GenisSuriol/Documents/ProjectY/ProjectY
C:/Users/GenisSuriol/Documents/ProjectY/ProjectY
[UnityMemory] Configuration Parameters - Can be set up in boot.config
    "memorysetup-bucket-allocator-granularity=16"
    "memorysetup-bucket-allocator-bucket-count=8"
    "memorysetup-bucket-allocator-block-size=33554432"
    "memorysetup-bucket-allocator-block-count=8"
    "memorysetup-main-allocator-block-size=16777216"
    "memorysetup-thread-allocator-block-size=16777216"
    "memorysetup-gfx-main-allocator-block-size=16777216"
    "memorysetup-gfx-thread-allocator-block-size=16777216"
    "memorysetup-cache-allocator-block-size=4194304"
    "memorysetup-typetree-allocator-block-size=2097152"
    "memorysetup-profiler-bucket-allocator-granularity=16"
    "memorysetup-profiler-bucket-allocator-bucket-count=8"
    "memorysetup-profiler-bucket-allocator-block-size=33554432"
    "memorysetup-profiler-bucket-allocator-block-count=8"
    "memorysetup-profiler-allocator-block-size=16777216"
    "memorysetup-profiler-editor-allocator-block-size=1048576"
    "memorysetup-temp-allocator-size-main=16777216"
    "memorysetup-job-temp-allocator-block-size=2097152"
    "memorysetup-job-temp-allocator-block-size-background=1048576"
    "memorysetup-job-temp-allocator-reduction-small-platforms=262144"
    "memorysetup-temp-allocator-size-background-worker=32768"
    "memorysetup-temp-allocator-size-job-worker=262144"
    "memorysetup-temp-allocator-size-preload-manager=33554432"
    "memorysetup-temp-allocator-size-nav-mesh-worker=65536"
    "memorysetup-temp-allocator-size-audio-worker=65536"
    "memorysetup-temp-allocator-size-cloud-worker=32768"
    "memorysetup-temp-allocator-size-gi-baking-worker=262144"
    "memorysetup-temp-allocator-size-gfx=262144"
Player connection [18440] Host "[IP] 192.168.25.57 [Port] 0 [Flags] 2 [Guid] 3354516966 [EditorId] 3354516966 [Version] 1048832 [Id] WindowsEditor(7,D009-21) [Debug] 1 [PackageName] WindowsEditor [ProjectName] Editor" joined multi-casting on [225.0.0.222:54997]...

Player connection [18440] Host "[IP] 192.168.25.57 [Port] 0 [Flags] 2 [Guid] 3354516966 [EditorId] 3354516966 [Version] 1048832 [Id] WindowsEditor(7,D009-21) [Debug] 1 [PackageName] WindowsEditor [ProjectName] Editor" joined alternative multi-casting on [225.0.0.222:34997]...

Refreshing native plugins compatible for Editor in 128.12 ms, found 12 plugins.
Preloading 1 native plugins for Editor in 0.45 ms.
Initialize engine version: 2021.3.15f1 (e8e88683f834)
[Subsystems] Discovering subsystems at path C:/Program Files/Unity 2021.3.15f1/Editor/Data/Resources/UnitySubsystems
[Subsystems] Discovering subsystems at path C:/Users/GenisSuriol/Documents/ProjectY/ProjectY/Assets
GfxDevice: creating device client; threaded=0; jobified=0
Direct3D:
    Version:  Direct3D 11.0 [level 11.1]
    Renderer: NVIDIA GeForce RTX 2060 (ID=0x1f08)
    Vendor:   NVIDIA
    VRAM:     5980 MB
    Driver:   31.0.15.1740
Initialize mono
Mono path[0] = 'C:/Program Files/Unity 2021.3.15f1/Editor/Data/Managed'
Mono path[1] = 'C:/Program Files/Unity 2021.3.15f1/Editor/Data/MonoBleedingEdge/lib/mono/unityjit-win32'
Mono config path = 'C:/Program Files/Unity 2021.3.15f1/Editor/Data/MonoBleedingEdge/etc'
Using monoOptions --debugger-agent=transport=dt_socket,embedding=1,server=y,suspend=n,address=127.0.0.1:56768
Begin MonoManager ReloadAssembly
Registering precompiled unity dll's ...
Register platform support module: C:/Program Files/Unity 2021.3.15f1/Editor/Data/PlaybackEngines/WindowsStandaloneSupport/UnityEditor.WindowsStandalone.Extensions.dll
Registered in 0.004118 seconds.
Native extension for WindowsStandalone target not found
Refreshing native plugins compatible for Editor in 107.79 ms, found 12 plugins.
Preloading 1 native plugins for Editor in 0.08 ms.
Mono: successfully reloaded assembly
- Completed reload, in  0.576 seconds
Domain Reload Profiling:
	ReloadAssembly (577ms)
		BeginReloadAssembly (62ms)
			ExecutionOrderSort (0ms)
			DisableScriptedObjects (0ms)
			BackupInstance (0ms)
			ReleaseScriptingObjects (0ms)
			CreateAndSetChildDomain (1ms)
		EndReloadAssembly (423ms)
			LoadAssemblies (60ms)
			RebuildTransferFunctionScriptingTraits (0ms)
			SetupTypeCache (89ms)
			ReleaseScriptCaches (0ms)
			RebuildScriptCaches (22ms)
			SetupLoadedEditorAssemblies (267ms)
				LogAssemblyErrors (0ms)
				InitializePlatformSupportModulesInManaged (6ms)
				SetLoadedEditorAssemblies (0ms)
				RefreshPlugins (108ms)
				BeforeProcessingInitializeOnLoad (2ms)
				ProcessInitializeOnLoadAttributes (114ms)
				ProcessInitializeOnLoadMethodAttributes (36ms)
				AfterProcessingInitializeOnLoad (0ms)
				EditorAssembliesLoaded (0ms)
			ExecutionOrderSort2 (0ms)
			AwakeInstancesAfterBackupRestoration (0ms)
Platform modules already initialized, skipping
Registering precompiled user dll's ...
Registered in 0.010000 seconds.
Begin MonoManager ReloadAssembly
Symbol file LoadedFromMemory doesn't match image C:\Users\GenisSuriol\Documents\ProjectY\ProjectY\Library\PackageCache\com.unity.visualscripting@1.7.8\Editor\VisualScripting.Core\Dependencies\DotNetZip\Unity.VisualScripting.IonicZip.dll
Symbol file LoadedFromMemory doesn't match image C:\Users\GenisSuriol\Documents\ProjectY\ProjectY\Library\PackageCache\com.unity.visualscripting@1.7.8\Editor\VisualScripting.Core\Dependencies\YamlDotNet\Unity.VisualScripting.YamlDotNet.dll
Native extension for WindowsStandalone target not found
Refreshing native plugins compatible for Editor in 122.36 ms, found 12 plugins.
Preloading 1 native plugins for Editor in 0.06 ms.
Package Manager log level set to [2]
System.Reflection.TargetInvocationException: Exception has been thrown by the target of an invocation. ---> System.NullReferenceException: Object reference not set to an instance of an object
  at Unity.XR.Oculus.OculusLoader.AssetPathToAbsolutePath (System.String assetPath) [0x0003d] in C:\Users\GenisSuriol\Documents\ProjectY\ProjectY\Library\PackageCache\com.unity.xr.oculus@3.2.2\Runtime\OculusLoader.cs:296 
  at Unity.XR.Oculus.OculusLoader.EditorLoadOVRPlugin () [0x0007b] in C:\Users\GenisSuriol\Documents\ProjectY\ProjectY\Library\PackageCache\com.unity.xr.oculus@3.2.2\Runtime\OculusLoader.cs:281 
  at (wrapper managed-to-native) System.Reflection.RuntimeMethodInfo.InternalInvoke(System.Reflection.RuntimeMethodInfo,object,object[],System.Exception&)
  at System.Reflection.RuntimeMethodInfo.Invoke (System.Object obj, System.Reflection.BindingFlags invokeAttr, System.Reflection.Binder binder, System.Object[] parameters, System.Globalization.CultureInfo culture) [0x0006a] in <d6232873609549b8a045fa15811a5bd3>:0 
   --- End of inner exception stack trace ---
  at System.Reflection.RuntimeMethodInfo.Invoke (System.Object obj, System.Reflection.BindingFlags invokeAttr, System.Reflection.Binder binder, System.Object[] parameters, System.Globalization.CultureInfo culture) [0x00083] in <d6232873609549b8a045fa15811a5bd3>:0 
  at System.Reflection.MethodBase.Invoke (System.Object obj, System.Object[] parameters) [0x00000] in <d6232873609549b8a045fa15811a5bd3>:0 
  at UnityEditor.EditorAssemblies.ProcessInitializeOnLoadMethodAttributes () [0x000a5] in <63965ae56af7489797f355b7c1211ab2>:0 
UnityEngine.StackTraceUtility:ExtractStackTrace ()
UnityEngine.DebugLogHandler:LogFormat (UnityEngine.LogType,UnityEngine.Object,string,object[])
UnityEngine.Logger:Log (UnityEngine.LogType,object)
UnityEngine.Debug:LogError (object)
UnityEditor.EditorAssemblies:ProcessInitializeOnLoadMethodAttributes ()

Mono: successfully reloaded assembly
- Completed reload, in  1.262 seconds
Domain Reload Profiling:
	ReloadAssembly (1263ms)
		BeginReloadAssembly (99ms)
			ExecutionOrderSort (0ms)
			DisableScriptedObjects (5ms)
			BackupInstance (0ms)
			ReleaseScriptingObjects (0ms)
			CreateAndSetChildDomain (16ms)
		EndReloadAssembly (1057ms)
			LoadAssemblies (93ms)
			RebuildTransferFunctionScriptingTraits (0ms)
			SetupTypeCache (250ms)
			ReleaseScriptCaches (1ms)
			RebuildScriptCaches (63ms)
			SetupLoadedEditorAssemblies (619ms)
				LogAssemblyErrors (0ms)
				InitializePlatformSupportModulesInManaged (4ms)
				SetLoadedEditorAssemblies (0ms)
				RefreshPlugins (122ms)
				BeforeProcessingInitializeOnLoad (120ms)
				ProcessInitializeOnLoadAttributes (290ms)
				ProcessInitializeOnLoadMethodAttributes (77ms)
				AfterProcessingInitializeOnLoad (6ms)
				EditorAssembliesLoaded (0ms)
			ExecutionOrderSort2 (0ms)
			AwakeInstancesAfterBackupRestoration (4ms)
Platform modules already initialized, skipping
========================================================================
Worker process is ready to serve import requests
Launched and connected shader compiler UnityShaderCompiler.exe after 0.03 seconds
Refreshing native plugins compatible for Editor in 1.04 ms, found 12 plugins.
Preloading 1 native plugins for Editor in 0.08 ms.
Unloading 6362 Unused Serialized files (Serialized files now loaded: 0)
Unloading 62 unused Assets / (0.8 MB). Loaded Objects now: 6798.
Memory consumption went from 249.7 MB to 248.9 MB.
Total: 3.728200 ms (FindLiveObjects: 0.449000 ms CreateObjectMapping: 0.509200 ms MarkObjects: 2.437500 ms  DeleteObjects: 0.331800 ms)

AssetImportParameters requested are different than current active one (requested -> active):
  custom:video-decoder-ogg-theora: a1e56fd34408186e4bbccfd4996cb3dc -> 
  custom:container-muxer-webm: aa71ff27fc2769a1b78a27578f13a17b -> 
  custom:container-demuxer-webm: 4f35f7cbe854078d1ac9338744f61a02 -> 
  custom:video-encoder-webm-vp8: eb34c28f22e8b96e1ab97ce403110664 -> 
  custom:audio-encoder-webm-vorbis: bf7c407c2cedff20999df2af8eb42d56 -> 
  custom:framework-win-MediaFoundation: 216162199b28c13a410421893ffa2e32 -> 
  custom:container-demuxer-ogg: 62fdf1f143b41e24485cea50d1cbac27 -> 
  custom:video-decoder-webm-vp8: 9c59270c3fd7afecdb556c50c9e8de78 -> 
  custom:audio-decoder-ogg-vorbis: bf7c407c2cedff20999df2af8eb42d56 -> 
========================================================================
Received Import Request.
  Time since last request: 1722601.554497 seconds.
  path: Assets/Models/Can Game/C_Scoreboard 1.fbx
  artifactKey: Guid(9453f92ffb1b8304087c26e0a1b2d100) Importer(815301076,1909f56bfc062723c751e8b465ee728b)
Start importing Assets/Models/Can Game/C_Scoreboard 1.fbx using Guid(9453f92ffb1b8304087c26e0a1b2d100) Importer(815301076,1909f56bfc062723c751e8b465ee728b)  -> (artifact id: 'd9f78abc388bc1918fa289ad6f4025da') in 0.323427 seconds 
========================================================================
Received Import Request.
  Time since last request: 12.129521 seconds.
  path: Assets/Models/Can Game/C_Scoreboard.fbx
  artifactKey: Guid(a6cb9dd7edf16464282150e7af95f06f) Importer(815301076,1909f56bfc062723c751e8b465ee728b)
Start importing Assets/Models/Can Game/C_Scoreboard.fbx using Guid(a6cb9dd7edf16464282150e7af95f06f) Importer(815301076,1909f56bfc062723c751e8b465ee728b)  -> (artifact id: '9f12457d56e4f2c4f6dfe0e79da45534') in 0.082405 seconds 
========================================================================
Received Import Request.
  Time since last request: 115.347658 seconds.
  path: Assets/Materials/PropMaterials/others_mtl/shelf_mtl.mat
  artifactKey: Guid(4f4b23dcb8f8eda4a81c551ef153dd9c) Importer(815301076,1909f56bfc062723c751e8b465ee728b)
Start importing Assets/Materials/PropMaterials/others_mtl/shelf_mtl.mat using Guid(4f4b23dcb8f8eda4a81c551ef153dd9c) Importer(815301076,1909f56bfc062723c751e8b465ee728b)  -> (artifact id: 'ddfe16849b4f5a537e20403cf3877890') in 0.055284 seconds 
========================================================================
Received Import Request.
  Time since last request: 17.617686 seconds.
  path: Assets/TextMesh Pro/TextMeshProUGUI.preset
  artifactKey: Guid(fca141edb6b1ad74fbebfb443273a478) Importer(815301076,1909f56bfc062723c751e8b465ee728b)
Start importing Assets/TextMesh Pro/TextMeshProUGUI.preset using Guid(fca141edb6b1ad74fbebfb443273a478) Importer(815301076,1909f56bfc062723c751e8b465ee728b)  -> (artifact id: '5525e6b4e595e0f81e04c4f3bce62dce') in 0.039400 seconds 
========================================================================
Received Import Request.
  Time since last request: 103.585285 seconds.
  path: Assets/Materials/PropMaterials/whackaKappa_mtl/basemachine_mtl.mat
  artifactKey: Guid(f33a94002c673a24bb0431b39790ee93) Importer(815301076,1909f56bfc062723c751e8b465ee728b)
Start importing Assets/Materials/PropMaterials/whackaKappa_mtl/basemachine_mtl.mat using Guid(f33a94002c673a24bb0431b39790ee93) Importer(815301076,1909f56bfc062723c751e8b465ee728b)  -> (artifact id: 'b5e790f1cde1edcc3aa580a9958114a4') in 0.049710 seconds 
========================================================================
Received Import Request.
  Time since last request: 0.000031 seconds.
  path: Assets/Materials/PropMaterials/whackaKappa_mtl/stall_mtl.mat
  artifactKey: Guid(157cc4bc5408668429bbf7061161bf3c) Importer(815301076,1909f56bfc062723c751e8b465ee728b)
Start importing Assets/Materials/PropMaterials/whackaKappa_mtl/stall_mtl.mat using Guid(157cc4bc5408668429bbf7061161bf3c) Importer(815301076,1909f56bfc062723c751e8b465ee728b)  -> (artifact id: '6bb558ab93c60c7a1835419933a5344b') in 0.028872 seconds 
========================================================================
Received Import Request.
  Time since last request: 10.599915 seconds.
  path: Assets/Models/Can Game/Proxy
  artifactKey: Guid(5ef2bf482e893fc4fbefcad4e1e215bf) Importer(815301076,1909f56bfc062723c751e8b465ee728b)
Start importing Assets/Models/Can Game/Proxy using Guid(5ef2bf482e893fc4fbefcad4e1e215bf) Importer(815301076,1909f56bfc062723c751e8b465ee728b)  -> (artifact id: '230f77f30627d8e26d3d927f34f0ed4e') in 0.007755 seconds 
========================================================================
Received Import Request.
  Time since last request: 162.114927 seconds.
  path: Assets/Textures/canGame_tx/C_Instruccions_LP_lambert7_MetallicSmoothness.png
  artifactKey: Guid(ab64d917f8d29fc439c1c21a84fa5f5e) Importer(815301076,1909f56bfc062723c751e8b465ee728b)
Start importing Assets/Textures/canGame_tx/C_Instruccions_LP_lambert7_MetallicSmoothness.png using Guid(ab64d917f8d29fc439c1c21a84fa5f5e) Importer(815301076,1909f56bfc062723c751e8b465ee728b)  -> (artifact id: 'ddc093398165fec37dcf75f3586febc6') in 0.017580 seconds 
========================================================================
Received Import Request.
  Time since last request: 1800.075871 seconds.
  path: Assets/Textures/canGame_tx/C_Instruccions_LP_lambert7_BaseMap.png
  artifactKey: Guid(e1b3bfe6ff379f6469aa995ee66cdff2) Importer(815301076,1909f56bfc062723c751e8b465ee728b)
Start importing Assets/Textures/canGame_tx/C_Instruccions_LP_lambert7_BaseMap.png using Guid(e1b3bfe6ff379f6469aa995ee66cdff2) Importer(815301076,1909f56bfc062723c751e8b465ee728b)  -> (artifact id: 'd4151744052f73870aab3efb9c1805fc') in 0.011922 seconds 
========================================================================
Received Import Request.
  Time since last request: 0.000037 seconds.
  path: Assets/Textures/canGame_tx/C_Instruccions_LP_lambert7_MaskMap.png
  artifactKey: Guid(1f13c1b545072aa49bb0ec6ba04d48d2) Importer(815301076,1909f56bfc062723c751e8b465ee728b)
Start importing Assets/Textures/canGame_tx/C_Instruccions_LP_lambert7_MaskMap.png using Guid(1f13c1b545072aa49bb0ec6ba04d48d2) Importer(815301076,1909f56bfc062723c751e8b465ee728b)  -> (artifact id: '3322c83b22db88e97f76adfbbabc7d6a') in 0.039046 seconds 
========================================================================
Received Import Request.
  Time since last request: 1347.359400 seconds.
  path: Assets/Textures/skeeball_tx
  artifactKey: Guid(3e952082dd6d8e74fa454319f8decb20) Importer(815301076,1909f56bfc062723c751e8b465ee728b)
Start importing Assets/Textures/skeeball_tx using Guid(3e952082dd6d8e74fa454319f8decb20) Importer(815301076,1909f56bfc062723c751e8b465ee728b)  -> (artifact id: 'c8f805ba120b51e6c65db52422eb4eb4') in 0.005710 seconds 
========================================================================
Received Import Request.
  Time since last request: 0.043359 seconds.
  path: Assets/Textures/skeeball_tx/BaseMachine_LP_blinn2_BaseMap.png
  artifactKey: Guid(55d5f40e1285f154e93bad2096b5ee2f) Importer(815301076,1909f56bfc062723c751e8b465ee728b)
Start importing Assets/Textures/skeeball_tx/BaseMachine_LP_blinn2_BaseMap.png using Guid(55d5f40e1285f154e93bad2096b5ee2f) Importer(815301076,1909f56bfc062723c751e8b465ee728b)  -> (artifact id: '83c5bf8bfcfcbde3ea5a12cd8e0e2177') in 0.023297 seconds 
========================================================================
Received Import Request.
  Time since last request: 0.000018 seconds.
  path: Assets/Textures/skeeball_tx/Instrucions_LP_lambert1_Normal.png
  artifactKey: Guid(fad2f9c620783f341bfac1f1892c2111) Importer(815301076,1909f56bfc062723c751e8b465ee728b)
Start importing Assets/Textures/skeeball_tx/Instrucions_LP_lambert1_Normal.png using Guid(fad2f9c620783f341bfac1f1892c2111) Importer(815301076,1909f56bfc062723c751e8b465ee728b)  -> (artifact id: '0189942bafbe999b4896423e1effaa97') in 0.016839 seconds 
========================================================================
Received Import Request.
  Time since last request: 0.000022 seconds.
  path: Assets/Textures/skeeball_tx/BaseMachine_LP_blinn2_MaskMap.png
  artifactKey: Guid(0f597f995bbe5674da9572bc5ab8d7e3) Importer(815301076,1909f56bfc062723c751e8b465ee728b)
Start importing Assets/Textures/skeeball_tx/BaseMachine_LP_blinn2_MaskMap.png using Guid(0f597f995bbe5674da9572bc5ab8d7e3) Importer(815301076,1909f56bfc062723c751e8b465ee728b)  -> (artifact id: '0f7302b9b3599cbb42d3da7a96389b25') in 0.017413 seconds 
========================================================================
Received Import Request.
  Time since last request: 0.000024 seconds.
  path: Assets/Textures/skeeball_tx/LANTERN_LP_lambert1_Emissive.png
  artifactKey: Guid(0d0c3d49b94803843bf28f1b80e3e437) Importer(815301076,1909f56bfc062723c751e8b465ee728b)
Start importing Assets/Textures/skeeball_tx/LANTERN_LP_lambert1_Emissive.png using Guid(0d0c3d49b94803843bf28f1b80e3e437) Importer(815301076,1909f56bfc062723c751e8b465ee728b)  -> (artifact id: '975a529a4855f09558a0bc469b2704a2') in 0.017622 seconds 
========================================================================
Received Import Request.
  Time since last request: 0.000028 seconds.
  path: Assets/Textures/skeeball_tx/Instrucions_LP_lambert1_BaseMap.png
  artifactKey: Guid(be83f19164849014cbd100daca396c11) Importer(815301076,1909f56bfc062723c751e8b465ee728b)
Start importing Assets/Textures/skeeball_tx/Instrucions_LP_lambert1_BaseMap.png using Guid(be83f19164849014cbd100daca396c11) Importer(815301076,1909f56bfc062723c751e8b465ee728b)  -> (artifact id: '6b2e9ea473aa8768380ddbae9f7bfb62') in 0.017786 seconds 
========================================================================
Received Import Request.
  Time since last request: 0.000026 seconds.
  path: Assets/Textures/skeeball_tx/Instrucions_LP_lambert1_MaskMap.png
  artifactKey: Guid(63f2e5060c0e54047b5280a010bcb15d) Importer(815301076,1909f56bfc062723c751e8b465ee728b)
Start importing Assets/Textures/skeeball_tx/Instrucions_LP_lambert1_MaskMap.png using Guid(63f2e5060c0e54047b5280a010bcb15d) Importer(815301076,1909f56bfc062723c751e8b465ee728b)  -> (artifact id: 'c43028ee9155324ab16afe53a348bda0') in 0.014310 seconds 
========================================================================
Received Import Request.
  Time since last request: 13.111065 seconds.
  path: Assets/Materials/PropMaterials/shooter_mtl/gunAndBall_mtl.mat
  artifactKey: Guid(f4985ec5cf891944c8df36c545554a97) Importer(815301076,1909f56bfc062723c751e8b465ee728b)
Start importing Assets/Materials/PropMaterials/shooter_mtl/gunAndBall_mtl.mat using Guid(f4985ec5cf891944c8df36c545554a97) Importer(815301076,1909f56bfc062723c751e8b465ee728b)  -> (artifact id: '457cf6186b242f5a15eb6df6d8794d58') in 0.042349 seconds 
========================================================================
Received Import Request.
  Time since last request: 0.000019 seconds.
  path: Assets/Materials/PropMaterials/shooter_mtl/templeExterior_mtl.mat
  artifactKey: Guid(168ece71fb786f54cba7feb35ade9be7) Importer(815301076,1909f56bfc062723c751e8b465ee728b)
Start importing Assets/Materials/PropMaterials/shooter_mtl/templeExterior_mtl.mat using Guid(168ece71fb786f54cba7feb35ade9be7) Importer(815301076,1909f56bfc062723c751e8b465ee728b)  -> (artifact id: 'a70a104edfb220528f51b1fda81c0290') in 0.033042 seconds 
========================================================================
Received Import Request.
  Time since last request: 0.000019 seconds.
  path: Assets/Materials/PropMaterials/shooter_mtl/templeArc_mtl.mat
  artifactKey: Guid(f22b642fd0810cb45966cf863ccf60ab) Importer(815301076,1909f56bfc062723c751e8b465ee728b)
Start importing Assets/Materials/PropMaterials/shooter_mtl/templeArc_mtl.mat using Guid(f22b642fd0810cb45966cf863ccf60ab) Importer(815301076,1909f56bfc062723c751e8b465ee728b)  -> (artifact id: '9fa7dc46fd0c84275693098cd4fd8f9b') in 0.024755 seconds 
========================================================================
Received Import Request.
  Time since last request: 2.564008 seconds.
  path: Assets/Materials/PropMaterials/skeeball_mtl
  artifactKey: Guid(13747b77300075847b219cb97bf47809) Importer(815301076,1909f56bfc062723c751e8b465ee728b)
Start importing Assets/Materials/PropMaterials/skeeball_mtl using Guid(13747b77300075847b219cb97bf47809) Importer(815301076,1909f56bfc062723c751e8b465ee728b)  -> (artifact id: '92d81950c9995bba38ed361befbb7be0') in 0.005211 seconds 
========================================================================
Received Import Request.
  Time since last request: 113.281135 seconds.
  path: Assets/Materials/PropMaterials/skeeball_mtl/L.mat
  artifactKey: Guid(b47c851111a3f1f4e80bd9a749fe4775) Importer(815301076,1909f56bfc062723c751e8b465ee728b)
Start importing Assets/Materials/PropMaterials/skeeball_mtl/L.mat using Guid(b47c851111a3f1f4e80bd9a749fe4775) Importer(815301076,1909f56bfc062723c751e8b465ee728b)  -> (artifact id: '265828410885c7248d48919909815bd7') in 0.034376 seconds 
========================================================================
Received Import Request.
  Time since last request: 37.717193 seconds.
  path: Assets/Materials/PropMaterials/skeeball_mtl/Lantern_mtl.mat
  artifactKey: Guid(b47c851111a3f1f4e80bd9a749fe4775) Importer(815301076,1909f56bfc062723c751e8b465ee728b)
Start importing Assets/Materials/PropMaterials/skeeball_mtl/Lantern_mtl.mat using Guid(b47c851111a3f1f4e80bd9a749fe4775) Importer(815301076,1909f56bfc062723c751e8b465ee728b)  -> (artifact id: 'd9a01356a7f1c691ea7f8f790755be0c') in 0.010540 seconds 
========================================================================
Received Import Request.
  Time since last request: 13.304829 seconds.
  path: Assets/Materials/PropMaterials/skeeball_mtl/Lantern_mtl 1.mat
  artifactKey: Guid(bf23bacdc0a28e64ab6f57d2349951fe) Importer(815301076,1909f56bfc062723c751e8b465ee728b)
Start importing Assets/Materials/PropMaterials/skeeball_mtl/Lantern_mtl 1.mat using Guid(bf23bacdc0a28e64ab6f57d2349951fe) Importer(815301076,1909f56bfc062723c751e8b465ee728b)  -> (artifact id: '326dfa3cf3721a4d1b24fc14a9f9836f') in 0.011381 seconds 
========================================================================
Received Import Request.
  Time since last request: 1.863865 seconds.
  path: Assets/Materials/PropMaterials/skeeball_mtl/Lantern_mtl 2.mat
  artifactKey: Guid(4c5501cecb1b65949925a2b3bc11cfd2) Importer(815301076,1909f56bfc062723c751e8b465ee728b)
Start importing Assets/Materials/PropMaterials/skeeball_mtl/Lantern_mtl 2.mat using Guid(4c5501cecb1b65949925a2b3bc11cfd2) Importer(815301076,1909f56bfc062723c751e8b465ee728b)  -> (artifact id: 'ac12cd15021ef37d336ecbe93c71d449') in 0.010856 seconds 
========================================================================
Received Import Request.
  Time since last request: 34.293218 seconds.
  path: Assets/Materials/PropMaterials/skeeball_mtl/BaseMachin_mtl 2.mat
  artifactKey: Guid(4c5501cecb1b65949925a2b3bc11cfd2) Importer(815301076,1909f56bfc062723c751e8b465ee728b)
Start importing Assets/Materials/PropMaterials/skeeball_mtl/BaseMachin_mtl 2.mat using Guid(4c5501cecb1b65949925a2b3bc11cfd2) Importer(815301076,1909f56bfc062723c751e8b465ee728b)  -> (artifact id: '826a0e047a981660b871ed172c552dde') in 0.010516 seconds 
========================================================================
Received Import Request.
  Time since last request: 9.788897 seconds.
  path: Assets/Materials/PropMaterials/skeeball_mtl/Instruction_mtl.mat
  artifactKey: Guid(b47c851111a3f1f4e80bd9a749fe4775) Importer(815301076,1909f56bfc062723c751e8b465ee728b)
Start importing Assets/Materials/PropMaterials/skeeball_mtl/Instruction_mtl.mat using Guid(b47c851111a3f1f4e80bd9a749fe4775) Importer(815301076,1909f56bfc062723c751e8b465ee728b)  -> (artifact id: '75ad3304af84bcbe3c0d5172e70c6c2a') in 0.010722 seconds 
========================================================================
Received Import Request.
  Time since last request: 19.631073 seconds.
  path: Assets/Textures/shooter_tx/s_gunAndBall_BaseMap.png
  artifactKey: Guid(9c1c6465448d4fd458e0f44065627387) Importer(815301076,1909f56bfc062723c751e8b465ee728b)
Start importing Assets/Textures/shooter_tx/s_gunAndBall_BaseMap.png using Guid(9c1c6465448d4fd458e0f44065627387) Importer(815301076,1909f56bfc062723c751e8b465ee728b)  -> (artifact id: '9a7c43c7c9b267fdb75bdd60123a9383') in 0.015044 seconds 
========================================================================
Received Import Request.
  Time since last request: 0.000029 seconds.
  path: Assets/Textures/shooter_tx/s_instructions_BaseMap.png
  artifactKey: Guid(9475616b049659a4d9ca247d65c6810b) Importer(815301076,1909f56bfc062723c751e8b465ee728b)
Start importing Assets/Textures/shooter_tx/s_instructions_BaseMap.png using Guid(9475616b049659a4d9ca247d65c6810b) Importer(815301076,1909f56bfc062723c751e8b465ee728b)  -> (artifact id: '16745114855745682da61c1df1c18a5f') in 0.023520 seconds 
========================================================================
Received Import Request.
  Time since last request: 0.000023 seconds.
  path: Assets/Textures/shooter_tx/s_instructions_MaskMap.png
  artifactKey: Guid(582d666ede221f34b85986870745a7ff) Importer(815301076,1909f56bfc062723c751e8b465ee728b)
Start importing Assets/Textures/shooter_tx/s_instructions_MaskMap.png using Guid(582d666ede221f34b85986870745a7ff) Importer(815301076,1909f56bfc062723c751e8b465ee728b)  -> (artifact id: '9a423f896ef7340cf3e7946431c15b80') in 0.015847 seconds 
========================================================================
Received Import Request.
  Time since last request: 0.000028 seconds.
  path: Assets/Textures/shooter_tx/s_temple_Arco_MaskMap.png
  artifactKey: Guid(b0e8d801652bdcf41b28d6b28ea56e53) Importer(815301076,1909f56bfc062723c751e8b465ee728b)
Start importing Assets/Textures/shooter_tx/s_temple_Arco_MaskMap.png using Guid(b0e8d801652bdcf41b28d6b28ea56e53) Importer(815301076,1909f56bfc062723c751e8b465ee728b)  -> (artifact id: '86e34ba8084140ee5167dded1e275295') in 0.012135 seconds 
========================================================================
Received Import Request.
  Time since last request: 0.000019 seconds.
  path: Assets/Textures/shooter_tx/s_instructions_Emissive.png
  artifactKey: Guid(cd73fd1445e85d54b973e54e0b129e53) Importer(815301076,1909f56bfc062723c751e8b465ee728b)
Start importing Assets/Textures/shooter_tx/s_instructions_Emissive.png using Guid(cd73fd1445e85d54b973e54e0b129e53) Importer(815301076,1909f56bfc062723c751e8b465ee728b)  -> (artifact id: 'b8bfedf1f3beb2629c39c54990cf360a') in 0.013064 seconds 
========================================================================
Received Import Request.
  Time since last request: 0.000031 seconds.
  path: Assets/Textures/shooter_tx/s_temple_Exterior_Emissive.png
  artifactKey: Guid(b8bca432af212054da193759f479d3ad) Importer(815301076,1909f56bfc062723c751e8b465ee728b)
Start importing Assets/Textures/shooter_tx/s_temple_Exterior_Emissive.png using Guid(b8bca432af212054da193759f479d3ad) Importer(815301076,1909f56bfc062723c751e8b465ee728b)  -> (artifact id: 'd46687adbded567839fb389a10e5054b') in 0.011238 seconds 
========================================================================
Received Import Request.
  Time since last request: 0.000027 seconds.
  path: Assets/Textures/shooter_tx/s_panels_BaseMap.png
  artifactKey: Guid(3e582c0481a832144b944f72d2ce9cd4) Importer(815301076,1909f56bfc062723c751e8b465ee728b)
Start importing Assets/Textures/shooter_tx/s_panels_BaseMap.png using Guid(3e582c0481a832144b944f72d2ce9cd4) Importer(815301076,1909f56bfc062723c751e8b465ee728b)  -> (artifact id: 'f3b74686404f0fea42f020085323db26') in 0.018222 seconds 
Editor requested this worker to shutdown with reason: Scaling down because of idle timeout
AssetImportWorker is now disconnected from the server
Process exiting
Exiting without the bug reporter. Application will terminate with return code 0