Using pre-set license
Built from '2021.3/staging' branch; Version is '2021.3.15f1 (e8e88683f834) revision 15263878'; Using compiler version '192829333'; Build Type 'Release'
OS: 'Windows 10  (10.0.19045) 64bit Enterprise' Language: 'es' Physical Memory: 32621 MB
BatchMode: 1, IsHumanControllingUs: 0, StartBugReporterOnCrash: 0, Is64bit: 1, IsPro: 1

COMMAND LINE ARGUMENTS:
C:\Program Files\Unity 2021.3.15f1\Editor\Unity.exe
-adb2
-batchMode
-noUpm
-name
AssetImportWorker8
-projectPath
C:/Users/GenisSuriol/Documents/ProjectY/ProjectY
-logFile
Logs/AssetImportWorker8.log
-srvPort
62304
Successfully changed project path to: C:/Users/GenisSuriol/Documents/ProjectY/ProjectY
C:/Users/GenisSuriol/Documents/ProjectY/ProjectY
[UnityMemory] Configuration Parameters - Can be set up in boot.config
    "memorysetup-bucket-allocator-granularity=16"
    "memorysetup-bucket-allocator-bucket-count=8"
    "memorysetup-bucket-allocator-block-size=33554432"
    "memorysetup-bucket-allocator-block-count=8"
    "memorysetup-main-allocator-block-size=16777216"
    "memorysetup-thread-allocator-block-size=16777216"
    "memorysetup-gfx-main-allocator-block-size=16777216"
    "memorysetup-gfx-thread-allocator-block-size=16777216"
    "memorysetup-cache-allocator-block-size=4194304"
    "memorysetup-typetree-allocator-block-size=2097152"
    "memorysetup-profiler-bucket-allocator-granularity=16"
    "memorysetup-profiler-bucket-allocator-bucket-count=8"
    "memorysetup-profiler-bucket-allocator-block-size=33554432"
    "memorysetup-profiler-bucket-allocator-block-count=8"
    "memorysetup-profiler-allocator-block-size=16777216"
    "memorysetup-profiler-editor-allocator-block-size=1048576"
    "memorysetup-temp-allocator-size-main=16777216"
    "memorysetup-job-temp-allocator-block-size=2097152"
    "memorysetup-job-temp-allocator-block-size-background=1048576"
    "memorysetup-job-temp-allocator-reduction-small-platforms=262144"
    "memorysetup-temp-allocator-size-background-worker=32768"
    "memorysetup-temp-allocator-size-job-worker=262144"
    "memorysetup-temp-allocator-size-preload-manager=33554432"
    "memorysetup-temp-allocator-size-nav-mesh-worker=65536"
    "memorysetup-temp-allocator-size-audio-worker=65536"
    "memorysetup-temp-allocator-size-cloud-worker=32768"
    "memorysetup-temp-allocator-size-gi-baking-worker=262144"
    "memorysetup-temp-allocator-size-gfx=262144"
Player connection [3892] Host "[IP] 192.168.25.57 [Port] 0 [Flags] 2 [Guid] 232325851 [EditorId] 232325851 [Version] 1048832 [Id] WindowsEditor(7,D009-21) [Debug] 1 [PackageName] WindowsEditor [ProjectName] Editor" joined multi-casting on [225.0.0.222:54997]...

Player connection [3892] Host "[IP] 192.168.25.57 [Port] 0 [Flags] 2 [Guid] 232325851 [EditorId] 232325851 [Version] 1048832 [Id] WindowsEditor(7,D009-21) [Debug] 1 [PackageName] WindowsEditor [ProjectName] Editor" joined alternative multi-casting on [225.0.0.222:34997]...

Refreshing native plugins compatible for Editor in 114.13 ms, found 12 plugins.
Preloading 1 native plugins for Editor in 0.40 ms.
Initialize engine version: 2021.3.15f1 (e8e88683f834)
[Subsystems] Discovering subsystems at path C:/Program Files/Unity 2021.3.15f1/Editor/Data/Resources/UnitySubsystems
[Subsystems] Discovering subsystems at path C:/Users/GenisSuriol/Documents/ProjectY/ProjectY/Assets
GfxDevice: creating device client; threaded=0; jobified=0
Direct3D:
    Version:  Direct3D 11.0 [level 11.1]
    Renderer: NVIDIA GeForce RTX 2060 (ID=0x1f08)
    Vendor:   NVIDIA
    VRAM:     5980 MB
    Driver:   31.0.15.1740
Initialize mono
Mono path[0] = 'C:/Program Files/Unity 2021.3.15f1/Editor/Data/Managed'
Mono path[1] = 'C:/Program Files/Unity 2021.3.15f1/Editor/Data/MonoBleedingEdge/lib/mono/unityjit-win32'
Mono config path = 'C:/Program Files/Unity 2021.3.15f1/Editor/Data/MonoBleedingEdge/etc'
Using monoOptions --debugger-agent=transport=dt_socket,embedding=1,server=y,suspend=n,address=127.0.0.1:56116
Begin MonoManager ReloadAssembly
Registering precompiled unity dll's ...
Register platform support module: C:/Program Files/Unity 2021.3.15f1/Editor/Data/PlaybackEngines/WindowsStandaloneSupport/UnityEditor.WindowsStandalone.Extensions.dll
Registered in 0.005372 seconds.
Native extension for WindowsStandalone target not found
Refreshing native plugins compatible for Editor in 107.89 ms, found 12 plugins.
Preloading 1 native plugins for Editor in 0.09 ms.
Mono: successfully reloaded assembly
- Completed reload, in  0.576 seconds
Domain Reload Profiling:
	ReloadAssembly (577ms)
		BeginReloadAssembly (58ms)
			ExecutionOrderSort (0ms)
			DisableScriptedObjects (0ms)
			BackupInstance (0ms)
			ReleaseScriptingObjects (0ms)
			CreateAndSetChildDomain (1ms)
		EndReloadAssembly (424ms)
			LoadAssemblies (56ms)
			RebuildTransferFunctionScriptingTraits (0ms)
			SetupTypeCache (97ms)
			ReleaseScriptCaches (0ms)
			RebuildScriptCaches (22ms)
			SetupLoadedEditorAssemblies (262ms)
				LogAssemblyErrors (0ms)
				InitializePlatformSupportModulesInManaged (6ms)
				SetLoadedEditorAssemblies (0ms)
				RefreshPlugins (108ms)
				BeforeProcessingInitializeOnLoad (1ms)
				ProcessInitializeOnLoadAttributes (110ms)
				ProcessInitializeOnLoadMethodAttributes (37ms)
				AfterProcessingInitializeOnLoad (0ms)
				EditorAssembliesLoaded (0ms)
			ExecutionOrderSort2 (0ms)
			AwakeInstancesAfterBackupRestoration (0ms)
Platform modules already initialized, skipping
Registering precompiled user dll's ...
Registered in 0.009324 seconds.
Begin MonoManager ReloadAssembly
Symbol file LoadedFromMemory doesn't match image C:\Users\GenisSuriol\Documents\ProjectY\ProjectY\Library\PackageCache\com.unity.visualscripting@1.7.8\Editor\VisualScripting.Core\Dependencies\DotNetZip\Unity.VisualScripting.IonicZip.dll
Symbol file LoadedFromMemory doesn't match image C:\Users\GenisSuriol\Documents\ProjectY\ProjectY\Library\PackageCache\com.unity.visualscripting@1.7.8\Editor\VisualScripting.Core\Dependencies\YamlDotNet\Unity.VisualScripting.YamlDotNet.dll
Native extension for WindowsStandalone target not found
Refreshing native plugins compatible for Editor in 109.00 ms, found 12 plugins.
Preloading 1 native plugins for Editor in 0.06 ms.
Package Manager log level set to [2]
System.Reflection.TargetInvocationException: Exception has been thrown by the target of an invocation. ---> System.NullReferenceException: Object reference not set to an instance of an object
  at Unity.XR.Oculus.OculusLoader.AssetPathToAbsolutePath (System.String assetPath) [0x0003d] in C:\Users\GenisSuriol\Documents\ProjectY\ProjectY\Library\PackageCache\com.unity.xr.oculus@3.2.2\Runtime\OculusLoader.cs:296 
  at Unity.XR.Oculus.OculusLoader.EditorLoadOVRPlugin () [0x0007b] in C:\Users\GenisSuriol\Documents\ProjectY\ProjectY\Library\PackageCache\com.unity.xr.oculus@3.2.2\Runtime\OculusLoader.cs:281 
  at (wrapper managed-to-native) System.Reflection.RuntimeMethodInfo.InternalInvoke(System.Reflection.RuntimeMethodInfo,object,object[],System.Exception&)
  at System.Reflection.RuntimeMethodInfo.Invoke (System.Object obj, System.Reflection.BindingFlags invokeAttr, System.Reflection.Binder binder, System.Object[] parameters, System.Globalization.CultureInfo culture) [0x0006a] in <d6232873609549b8a045fa15811a5bd3>:0 
   --- End of inner exception stack trace ---
  at System.Reflection.RuntimeMethodInfo.Invoke (System.Object obj, System.Reflection.BindingFlags invokeAttr, System.Reflection.Binder binder, System.Object[] parameters, System.Globalization.CultureInfo culture) [0x00083] in <d6232873609549b8a045fa15811a5bd3>:0 
  at System.Reflection.MethodBase.Invoke (System.Object obj, System.Object[] parameters) [0x00000] in <d6232873609549b8a045fa15811a5bd3>:0 
  at UnityEditor.EditorAssemblies.ProcessInitializeOnLoadMethodAttributes () [0x000a5] in <63965ae56af7489797f355b7c1211ab2>:0 
UnityEngine.StackTraceUtility:ExtractStackTrace ()
UnityEngine.DebugLogHandler:LogFormat (UnityEngine.LogType,UnityEngine.Object,string,object[])
UnityEngine.Logger:Log (UnityEngine.LogType,object)
UnityEngine.Debug:LogError (object)
UnityEditor.EditorAssemblies:ProcessInitializeOnLoadMethodAttributes ()

Mono: successfully reloaded assembly
- Completed reload, in  2.390 seconds
Domain Reload Profiling:
	ReloadAssembly (2391ms)
		BeginReloadAssembly (86ms)
			ExecutionOrderSort (0ms)
			DisableScriptedObjects (5ms)
			BackupInstance (0ms)
			ReleaseScriptingObjects (0ms)
			CreateAndSetChildDomain (16ms)
		EndReloadAssembly (2207ms)
			LoadAssemblies (73ms)
			RebuildTransferFunctionScriptingTraits (0ms)
			SetupTypeCache (599ms)
			ReleaseScriptCaches (1ms)
			RebuildScriptCaches (59ms)
			SetupLoadedEditorAssemblies (1434ms)
				LogAssemblyErrors (0ms)
				InitializePlatformSupportModulesInManaged (4ms)
				SetLoadedEditorAssemblies (0ms)
				RefreshPlugins (109ms)
				BeforeProcessingInitializeOnLoad (122ms)
				ProcessInitializeOnLoadAttributes (353ms)
				ProcessInitializeOnLoadMethodAttributes (839ms)
				AfterProcessingInitializeOnLoad (7ms)
				EditorAssembliesLoaded (0ms)
			ExecutionOrderSort2 (0ms)
			AwakeInstancesAfterBackupRestoration (4ms)
Platform modules already initialized, skipping
========================================================================
Worker process is ready to serve import requests
Launched and connected shader compiler UnityShaderCompiler.exe after 0.03 seconds
Refreshing native plugins compatible for Editor in 1.02 ms, found 12 plugins.
Preloading 1 native plugins for Editor in 0.08 ms.
Unloading 6362 Unused Serialized files (Serialized files now loaded: 0)
Unloading 62 unused Assets / (0.8 MB). Loaded Objects now: 6798.
Memory consumption went from 249.7 MB to 248.9 MB.
Total: 4.473900 ms (FindLiveObjects: 0.520200 ms CreateObjectMapping: 0.623000 ms MarkObjects: 2.943000 ms  DeleteObjects: 0.386800 ms)

AssetImportParameters requested are different than current active one (requested -> active):
  custom:video-decoder-ogg-theora: a1e56fd34408186e4bbccfd4996cb3dc -> 
  custom:container-muxer-webm: aa71ff27fc2769a1b78a27578f13a17b -> 
  custom:container-demuxer-webm: 4f35f7cbe854078d1ac9338744f61a02 -> 
  custom:video-encoder-webm-vp8: eb34c28f22e8b96e1ab97ce403110664 -> 
  custom:audio-encoder-webm-vorbis: bf7c407c2cedff20999df2af8eb42d56 -> 
  custom:framework-win-MediaFoundation: 216162199b28c13a410421893ffa2e32 -> 
  custom:container-demuxer-ogg: 62fdf1f143b41e24485cea50d1cbac27 -> 
  custom:video-decoder-webm-vp8: 9c59270c3fd7afecdb556c50c9e8de78 -> 
  custom:audio-decoder-ogg-vorbis: bf7c407c2cedff20999df2af8eb42d56 -> 
========================================================================
Received Import Request.
  Time since last request: 1726587.353069 seconds.
  path: Assets/Textures/shooter_tx/s_temple_Exterior_MaskMap.png
  artifactKey: Guid(5b8623852604a3b4ca1a27d837208757) Importer(815301076,1909f56bfc062723c751e8b465ee728b)
Start importing Assets/Textures/shooter_tx/s_temple_Exterior_MaskMap.png using Guid(5b8623852604a3b4ca1a27d837208757) Importer(815301076,1909f56bfc062723c751e8b465ee728b)  -> (artifact id: '076a13f06eddd667e09f7aab1cfde92f') in 0.072413 seconds 
========================================================================
Received Import Request.
  Time since last request: 0.000020 seconds.
  path: Assets/Textures/shooter_tx/s_temple_interior_BaseMap.png
  artifactKey: Guid(3c3f53ab975914f48bfd7e0669122204) Importer(815301076,1909f56bfc062723c751e8b465ee728b)
Start importing Assets/Textures/shooter_tx/s_temple_interior_BaseMap.png using Guid(3c3f53ab975914f48bfd7e0669122204) Importer(815301076,1909f56bfc062723c751e8b465ee728b)  -> (artifact id: 'edbed330f96637b7ae949b7f128f0be2') in 0.023234 seconds 
========================================================================
Received Import Request.
  Time since last request: 108.619968 seconds.
  path: Assets/Textures/skeeball_tx/Instrucions_LP_lambert1_Normal.png
  artifactKey: Guid(fad2f9c620783f341bfac1f1892c2111) Importer(815301076,1909f56bfc062723c751e8b465ee728b)
Start importing Assets/Textures/skeeball_tx/Instrucions_LP_lambert1_Normal.png using Guid(fad2f9c620783f341bfac1f1892c2111) Importer(815301076,1909f56bfc062723c751e8b465ee728b)  -> (artifact id: 'bb4eafac00a8748d967a240a3d6d9ed5') in 0.029407 seconds 
========================================================================
Received Import Request.
  Time since last request: 6833.672485 seconds.
  path: Assets/Textures/shooter_tx/s_temple_interior_MaskMap.png
  artifactKey: Guid(6298b35eb9deaee4ab70f74181dbe3a5) Importer(815301076,1909f56bfc062723c751e8b465ee728b)
Start importing Assets/Textures/shooter_tx/s_temple_interior_MaskMap.png using Guid(6298b35eb9deaee4ab70f74181dbe3a5) Importer(815301076,1909f56bfc062723c751e8b465ee728b)  -> (artifact id: '9cbe2b5173604bb6d753a20fec7c5016') in 0.062619 seconds 
========================================================================
Received Import Request.
  Time since last request: 15.718556 seconds.
  path: Assets/Textures/canGame_tx/Cansç
  artifactKey: Guid(31f19fdddd79ada4c8e507acd1bfbb3f) Importer(815301076,1909f56bfc062723c751e8b465ee728b)
Start importing Assets/Textures/canGame_tx/Cansç using Guid(31f19fdddd79ada4c8e507acd1bfbb3f) Importer(815301076,1909f56bfc062723c751e8b465ee728b)  -> (artifact id: '6be96875a6a0b4b2cd31eb284b38e626') in 0.005186 seconds 
========================================================================
Received Import Request.
  Time since last request: 1042.708982 seconds.
  path: Assets/Textures/canGame_tx/Cans
  artifactKey: Guid(619669b1d5427b64eac9a8509ceb9e5d) Importer(815301076,1909f56bfc062723c751e8b465ee728b)
Start importing Assets/Textures/canGame_tx/Cans using Guid(619669b1d5427b64eac9a8509ceb9e5d) Importer(815301076,1909f56bfc062723c751e8b465ee728b)  -> (artifact id: '5401ba542040d2e572d8e199a0c1fbf8') in 0.005502 seconds 
========================================================================
Received Import Request.
  Time since last request: 0.073668 seconds.
  path: Assets/Textures/canGame_tx/Cans/LP_Cans_1_BaseMap.png
  artifactKey: Guid(206767b48189bc743a92c41ca9229713) Importer(815301076,1909f56bfc062723c751e8b465ee728b)
Start importing Assets/Textures/canGame_tx/Cans/LP_Cans_1_BaseMap.png using Guid(206767b48189bc743a92c41ca9229713) Importer(815301076,1909f56bfc062723c751e8b465ee728b)  -> (artifact id: 'a3265310acfbb758ea0b007d5a21bba6') in 0.021306 seconds 
========================================================================
Received Import Request.
  Time since last request: 0.000019 seconds.
  path: Assets/Textures/canGame_tx/Cans/LP_Cans_2_Normal.png
  artifactKey: Guid(7cc7f80e8fc3e7244aebc164377bfb3e) Importer(815301076,1909f56bfc062723c751e8b465ee728b)
Start importing Assets/Textures/canGame_tx/Cans/LP_Cans_2_Normal.png using Guid(7cc7f80e8fc3e7244aebc164377bfb3e) Importer(815301076,1909f56bfc062723c751e8b465ee728b)  -> (artifact id: '6fc9b43e9b47fdc074944748c526bd42') in 0.042692 seconds 
========================================================================
Received Import Request.
  Time since last request: 0.000023 seconds.
  path: Assets/Textures/canGame_tx/Cans/LP_Cans_11_MaskMap.png
  artifactKey: Guid(b5bf8e21eee72c64d9fcc98373756fce) Importer(815301076,1909f56bfc062723c751e8b465ee728b)
Start importing Assets/Textures/canGame_tx/Cans/LP_Cans_11_MaskMap.png using Guid(b5bf8e21eee72c64d9fcc98373756fce) Importer(815301076,1909f56bfc062723c751e8b465ee728b)  -> (artifact id: '3f6c9476820503cb9f5e1431a65b3c15') in 0.018707 seconds 
========================================================================
Received Import Request.
  Time since last request: 0.000029 seconds.
  path: Assets/Textures/canGame_tx/Cans/LP_Cans_8_BaseMap.png
  artifactKey: Guid(a4b922f3305265540bb6d00ad74ec220) Importer(815301076,1909f56bfc062723c751e8b465ee728b)
Start importing Assets/Textures/canGame_tx/Cans/LP_Cans_8_BaseMap.png using Guid(a4b922f3305265540bb6d00ad74ec220) Importer(815301076,1909f56bfc062723c751e8b465ee728b)  -> (artifact id: 'b826a37d1402655fbac08768b94cfd32') in 0.013717 seconds 
========================================================================
Received Import Request.
  Time since last request: 0.000023 seconds.
  path: Assets/Textures/canGame_tx/Cans/LP_Cans_8_MaskMap.png
  artifactKey: Guid(4dfc056897c1f674bbf68ab5d38005a5) Importer(815301076,1909f56bfc062723c751e8b465ee728b)
Start importing Assets/Textures/canGame_tx/Cans/LP_Cans_8_MaskMap.png using Guid(4dfc056897c1f674bbf68ab5d38005a5) Importer(815301076,1909f56bfc062723c751e8b465ee728b)  -> (artifact id: 'e0b55abaa1d7d363619d5dd8d05d4626') in 0.012196 seconds 
========================================================================
Received Import Request.
  Time since last request: 0.000023 seconds.
  path: Assets/Textures/canGame_tx/Cans/LP_Cans_10_MaskMap.png
  artifactKey: Guid(95142318ed65187429877496933a246d) Importer(815301076,1909f56bfc062723c751e8b465ee728b)
Start importing Assets/Textures/canGame_tx/Cans/LP_Cans_10_MaskMap.png using Guid(95142318ed65187429877496933a246d) Importer(815301076,1909f56bfc062723c751e8b465ee728b)  -> (artifact id: 'e89594abf445871e993bf1110a6050a0') in 0.012819 seconds 
========================================================================
Received Import Request.
  Time since last request: 0.000019 seconds.
  path: Assets/Textures/canGame_tx/Cans/LP_Cans_10_Normal.png
  artifactKey: Guid(c2cb098779b36b14e9547a82a3dd2523) Importer(815301076,1909f56bfc062723c751e8b465ee728b)
Start importing Assets/Textures/canGame_tx/Cans/LP_Cans_10_Normal.png using Guid(c2cb098779b36b14e9547a82a3dd2523) Importer(815301076,1909f56bfc062723c751e8b465ee728b)  -> (artifact id: 'b19226ee8b4f2c778c60b11dda978680') in 0.011376 seconds 
========================================================================
Received Import Request.
  Time since last request: 0.000019 seconds.
  path: Assets/Textures/canGame_tx/Cans/LP_Cans_3_BaseMap.png
  artifactKey: Guid(7d7b70640ee54044289c45cbceca50c6) Importer(815301076,1909f56bfc062723c751e8b465ee728b)
Start importing Assets/Textures/canGame_tx/Cans/LP_Cans_3_BaseMap.png using Guid(7d7b70640ee54044289c45cbceca50c6) Importer(815301076,1909f56bfc062723c751e8b465ee728b)  -> (artifact id: '82a4b05f1108aebbb923fb835f925e48') in 0.018171 seconds 
========================================================================
Received Import Request.
  Time since last request: 0.000022 seconds.
  path: Assets/Textures/canGame_tx/Cans/LP_Cans_4_Normal.png
  artifactKey: Guid(e648556fffec19a4bb8773003445072d) Importer(815301076,1909f56bfc062723c751e8b465ee728b)
Start importing Assets/Textures/canGame_tx/Cans/LP_Cans_4_Normal.png using Guid(e648556fffec19a4bb8773003445072d) Importer(815301076,1909f56bfc062723c751e8b465ee728b)  -> (artifact id: '322ec54d45b91cecb24897b0699714fd') in 0.009882 seconds 
========================================================================
Received Import Request.
  Time since last request: 0.000022 seconds.
  path: Assets/Textures/canGame_tx/Cans/LP_Cans_6_MaskMap.png
  artifactKey: Guid(24c83491d7a6bcc43a18b02404e3b503) Importer(815301076,1909f56bfc062723c751e8b465ee728b)
Start importing Assets/Textures/canGame_tx/Cans/LP_Cans_6_MaskMap.png using Guid(24c83491d7a6bcc43a18b02404e3b503) Importer(815301076,1909f56bfc062723c751e8b465ee728b)  -> (artifact id: '4267f943a7ba162e84a8a0a5c10f73c5') in 0.014178 seconds 
========================================================================
Received Import Request.
  Time since last request: 0.000025 seconds.
  path: Assets/Textures/canGame_tx/Cans/LP_Cans_6_Normal.png
  artifactKey: Guid(d1106cb6d734e454681c45d5c8830c4d) Importer(815301076,1909f56bfc062723c751e8b465ee728b)
Start importing Assets/Textures/canGame_tx/Cans/LP_Cans_6_Normal.png using Guid(d1106cb6d734e454681c45d5c8830c4d) Importer(815301076,1909f56bfc062723c751e8b465ee728b)  -> (artifact id: '5707f79521a65e09b0a3c0af5b69ebea') in 0.010111 seconds 
========================================================================
Received Import Request.
  Time since last request: 0.000019 seconds.
  path: Assets/Textures/canGame_tx/Cans/LP_Cans_9_Normal.png
  artifactKey: Guid(51b4f2506575668449d3f6911ea795c2) Importer(815301076,1909f56bfc062723c751e8b465ee728b)
Start importing Assets/Textures/canGame_tx/Cans/LP_Cans_9_Normal.png using Guid(51b4f2506575668449d3f6911ea795c2) Importer(815301076,1909f56bfc062723c751e8b465ee728b)  -> (artifact id: '9e10f489126c84c224a1ae2c29ef1f41') in 0.010405 seconds 
========================================================================
Received Import Request.
  Time since last request: 0.000027 seconds.
  path: Assets/Textures/canGame_tx/Cans/LP_Cans_10_BaseMap.png
  artifactKey: Guid(c52d8e1634edf324eaab08062c9c8f85) Importer(815301076,1909f56bfc062723c751e8b465ee728b)
Start importing Assets/Textures/canGame_tx/Cans/LP_Cans_10_BaseMap.png using Guid(c52d8e1634edf324eaab08062c9c8f85) Importer(815301076,1909f56bfc062723c751e8b465ee728b)  -> (artifact id: '4ff3afaa9a531aac5b2492cd7ea6da7b') in 0.010437 seconds 
========================================================================
Received Import Request.
  Time since last request: 0.000025 seconds.
  path: Assets/Textures/canGame_tx/Cans/LP_Cans_7_MaskMap.png
  artifactKey: Guid(9d9eb8ce66c5e50459eb5a74380a7811) Importer(815301076,1909f56bfc062723c751e8b465ee728b)
Start importing Assets/Textures/canGame_tx/Cans/LP_Cans_7_MaskMap.png using Guid(9d9eb8ce66c5e50459eb5a74380a7811) Importer(815301076,1909f56bfc062723c751e8b465ee728b)  -> (artifact id: 'fc9259340d45b756ccf6b3cd330c63e2') in 0.010863 seconds 
========================================================================
Received Import Request.
  Time since last request: 0.000035 seconds.
  path: Assets/Textures/canGame_tx/Cans/LP_Cans_8_Normal.png
  artifactKey: Guid(658466364cb782b4eb047cd3c89b2d7d) Importer(815301076,1909f56bfc062723c751e8b465ee728b)
Start importing Assets/Textures/canGame_tx/Cans/LP_Cans_8_Normal.png using Guid(658466364cb782b4eb047cd3c89b2d7d) Importer(815301076,1909f56bfc062723c751e8b465ee728b)  -> (artifact id: '3b2c897e18c025e49e134c6bf99b1567') in 0.009504 seconds 
========================================================================
Received Import Request.
  Time since last request: 0.000021 seconds.
  path: Assets/Textures/canGame_tx/Cans/LP_Cans_7_Normal.png
  artifactKey: Guid(6468c9beb58394643b418d4032303d7e) Importer(815301076,1909f56bfc062723c751e8b465ee728b)
Start importing Assets/Textures/canGame_tx/Cans/LP_Cans_7_Normal.png using Guid(6468c9beb58394643b418d4032303d7e) Importer(815301076,1909f56bfc062723c751e8b465ee728b)  -> (artifact id: 'c470c7d2d9353d3760d941ddca82c13f') in 0.010322 seconds 
========================================================================
Received Import Request.
  Time since last request: 571.254404 seconds.
  path: Assets/Models/Can Game/Cans_LP_.fbx
  artifactKey: Guid(0e4ffe8a94893b747acd4677093da4fb) Importer(815301076,1909f56bfc062723c751e8b465ee728b)
Start importing Assets/Models/Can Game/Cans_LP_.fbx using Guid(0e4ffe8a94893b747acd4677093da4fb) Importer(815301076,1909f56bfc062723c751e8b465ee728b)  -> (artifact id: '9561314b79b37f1c78a2dd23ca936e4d') in 0.404374 seconds 
========================================================================
Received Import Request.
  Time since last request: 3.080278 seconds.
  path: Assets/Models/Can Game/Cans_LP_1.fbx
  artifactKey: Guid(0e4ffe8a94893b747acd4677093da4fb) Importer(815301076,1909f56bfc062723c751e8b465ee728b)
Start importing Assets/Models/Can Game/Cans_LP_1.fbx using Guid(0e4ffe8a94893b747acd4677093da4fb) Importer(815301076,1909f56bfc062723c751e8b465ee728b)  -> (artifact id: 'd79a8a8532be7818543ce15dffad53f1') in 0.127720 seconds 
========================================================================
Received Import Request.
  Time since last request: 5.277730 seconds.
  path: Assets/Models/Can Game/Cans_LP_1 1.fbx
  artifactKey: Guid(bbf137c0730daed428a67fe4063e09dd) Importer(815301076,1909f56bfc062723c751e8b465ee728b)
Start importing Assets/Models/Can Game/Cans_LP_1 1.fbx using Guid(bbf137c0730daed428a67fe4063e09dd) Importer(815301076,1909f56bfc062723c751e8b465ee728b)  -> (artifact id: 'd29d25d92d565fb7ae23efce379027a1') in 0.098085 seconds 
========================================================================
Received Import Request.
  Time since last request: 10.361563 seconds.
  path: Assets/Models/Can Game/Cans_LP_ 1.fbx
  artifactKey: Guid(4125d47341132d1449759cef9a479c95) Importer(815301076,1909f56bfc062723c751e8b465ee728b)
Start importing Assets/Models/Can Game/Cans_LP_ 1.fbx using Guid(4125d47341132d1449759cef9a479c95) Importer(815301076,1909f56bfc062723c751e8b465ee728b)  -> (artifact id: '5d331e262444eae7e7cdfbaafa4fb28d') in 0.129234 seconds 
========================================================================
Received Import Request.
  Time since last request: 0.479026 seconds.
  path: Assets/Models/Can Game/Cans_LP_ 2.fbx
  artifactKey: Guid(924b41c5c9324a34ba1d825a71caa599) Importer(815301076,1909f56bfc062723c751e8b465ee728b)
Start importing Assets/Models/Can Game/Cans_LP_ 2.fbx using Guid(924b41c5c9324a34ba1d825a71caa599) Importer(815301076,1909f56bfc062723c751e8b465ee728b)  -> (artifact id: 'd6f553b87b0bb4e14392ba75520c0c87') in 0.123236 seconds 
========================================================================
Received Import Request.
  Time since last request: 0.474452 seconds.
  path: Assets/Models/Can Game/Cans_LP_ 3.fbx
  artifactKey: Guid(d06ace25e6dfe3b4291c754196992e1f) Importer(815301076,1909f56bfc062723c751e8b465ee728b)
Start importing Assets/Models/Can Game/Cans_LP_ 3.fbx using Guid(d06ace25e6dfe3b4291c754196992e1f) Importer(815301076,1909f56bfc062723c751e8b465ee728b)  -> (artifact id: '05a8b9a187109e8f6f7d704357a42354') in 0.137590 seconds 
========================================================================
Received Import Request.
  Time since last request: 0.378591 seconds.
  path: Assets/Models/Can Game/Cans_LP_ 4.fbx
  artifactKey: Guid(2dde738413967734aaf566548342620b) Importer(815301076,1909f56bfc062723c751e8b465ee728b)
Start importing Assets/Models/Can Game/Cans_LP_ 4.fbx using Guid(2dde738413967734aaf566548342620b) Importer(815301076,1909f56bfc062723c751e8b465ee728b)  -> (artifact id: '26577a6a90f63893246b67af435bf2d6') in 0.142337 seconds 
========================================================================
Received Import Request.
  Time since last request: 0.382036 seconds.
  path: Assets/Models/Can Game/Cans_LP_ 5.fbx
  artifactKey: Guid(a5ee808842165d94ba955918d9c8edad) Importer(815301076,1909f56bfc062723c751e8b465ee728b)
Start importing Assets/Models/Can Game/Cans_LP_ 5.fbx using Guid(a5ee808842165d94ba955918d9c8edad) Importer(815301076,1909f56bfc062723c751e8b465ee728b)  -> (artifact id: 'f30aef859cd6a9b0a926cc72686cd463') in 0.236849 seconds 
========================================================================
Received Import Request.
  Time since last request: 0.224627 seconds.
  path: Assets/Models/Can Game/Cans_LP_ 6.fbx
  artifactKey: Guid(1c63ddd951739964c95e0bd7d0ae95af) Importer(815301076,1909f56bfc062723c751e8b465ee728b)
Start importing Assets/Models/Can Game/Cans_LP_ 6.fbx using Guid(1c63ddd951739964c95e0bd7d0ae95af) Importer(815301076,1909f56bfc062723c751e8b465ee728b)  -> (artifact id: 'bf9dc27a514d5620d9979583cbfdcfae') in 0.095323 seconds 
========================================================================
Received Import Request.
  Time since last request: 0.346945 seconds.
  path: Assets/Models/Can Game/Cans_LP_ 7.fbx
  artifactKey: Guid(a7455ea9ef518ef46a602769acc41e0d) Importer(815301076,1909f56bfc062723c751e8b465ee728b)
Start importing Assets/Models/Can Game/Cans_LP_ 7.fbx using Guid(a7455ea9ef518ef46a602769acc41e0d) Importer(815301076,1909f56bfc062723c751e8b465ee728b)  -> (artifact id: '1eae8b7a46e07de54da7c276280a6559') in 0.095386 seconds 
========================================================================
Received Import Request.
  Time since last request: 0.409857 seconds.
  path: Assets/Models/Can Game/Cans_LP_ 8.fbx
  artifactKey: Guid(36da103d63435ee49a43e6d2ee5d806b) Importer(815301076,1909f56bfc062723c751e8b465ee728b)
Start importing Assets/Models/Can Game/Cans_LP_ 8.fbx using Guid(36da103d63435ee49a43e6d2ee5d806b) Importer(815301076,1909f56bfc062723c751e8b465ee728b)  -> (artifact id: '802904d2623e8c3fdbabec071b77f4b6') in 0.096648 seconds 
========================================================================
Received Import Request.
  Time since last request: 0.327329 seconds.
  path: Assets/Models/Can Game/Cans_LP_ 9.fbx
  artifactKey: Guid(b1fad6d9fdaf82c44b37d4c3f1a57952) Importer(815301076,1909f56bfc062723c751e8b465ee728b)
Start importing Assets/Models/Can Game/Cans_LP_ 9.fbx using Guid(b1fad6d9fdaf82c44b37d4c3f1a57952) Importer(815301076,1909f56bfc062723c751e8b465ee728b)  -> (artifact id: 'e3978456e91d2680f3f80f6387ce47c6') in 0.096202 seconds 
========================================================================
Received Import Request.
  Time since last request: 0.354380 seconds.
  path: Assets/Models/Can Game/Cans_LP_ 10.fbx
  artifactKey: Guid(590a2c867960117478dc630345207611) Importer(815301076,1909f56bfc062723c751e8b465ee728b)
Start importing Assets/Models/Can Game/Cans_LP_ 10.fbx using Guid(590a2c867960117478dc630345207611) Importer(815301076,1909f56bfc062723c751e8b465ee728b)  -> (artifact id: '2b028be4da546fdafa8adea8b3ad397f') in 0.115510 seconds 
========================================================================
Received Import Request.
  Time since last request: 4.045504 seconds.
  path: Assets/Models/Can Game/Cans_LP_ 11.fbx
  artifactKey: Guid(89ebc69f8856ee7458ce0d9cd8c7795b) Importer(815301076,1909f56bfc062723c751e8b465ee728b)
Start importing Assets/Models/Can Game/Cans_LP_ 11.fbx using Guid(89ebc69f8856ee7458ce0d9cd8c7795b) Importer(815301076,1909f56bfc062723c751e8b465ee728b)  -> (artifact id: '2da3a8f638f22d79b79369adcf71f35f') in 0.233979 seconds 
========================================================================
Received Import Request.
  Time since last request: 158.038761 seconds.
  path: Assets/Models/Can Game/Cans_LP_.fbx
  artifactKey: Guid(0e4ffe8a94893b747acd4677093da4fb) Importer(815301076,1909f56bfc062723c751e8b465ee728b)
Start importing Assets/Models/Can Game/Cans_LP_.fbx using Guid(0e4ffe8a94893b747acd4677093da4fb) Importer(815301076,1909f56bfc062723c751e8b465ee728b)  -> (artifact id: '1a0c50c137fd127a7125907d46509be6') in 0.056388 seconds 
========================================================================
Received Import Request.
  Time since last request: 2.165978 seconds.
  path: Assets/Models/Can Game/Cans_LP_ 1.fbx
  artifactKey: Guid(adf88066741bc7047b73f4dc83011154) Importer(815301076,1909f56bfc062723c751e8b465ee728b)
Start importing Assets/Models/Can Game/Cans_LP_ 1.fbx using Guid(adf88066741bc7047b73f4dc83011154) Importer(815301076,1909f56bfc062723c751e8b465ee728b)  -> (artifact id: 'e773b225c6babcd239eb3019ce930efd') in 0.014596 seconds 
========================================================================
Received Import Request.
  Time since last request: 0.525362 seconds.
  path: Assets/Models/Can Game/Cans_LP_ 2.fbx
  artifactKey: Guid(713afe01942e32547ade2edf2c025965) Importer(815301076,1909f56bfc062723c751e8b465ee728b)
Start importing Assets/Models/Can Game/Cans_LP_ 2.fbx using Guid(713afe01942e32547ade2edf2c025965) Importer(815301076,1909f56bfc062723c751e8b465ee728b)  -> (artifact id: '6f65b954bd656595ca4d07c30b7a4493') in 0.014001 seconds 
========================================================================
Received Import Request.
  Time since last request: 0.255713 seconds.
  path: Assets/Models/Can Game/Cans_LP_ 3.fbx
  artifactKey: Guid(57b90a59f2fad0f41afc94bdad7ea277) Importer(815301076,1909f56bfc062723c751e8b465ee728b)
Start importing Assets/Models/Can Game/Cans_LP_ 3.fbx using Guid(57b90a59f2fad0f41afc94bdad7ea277) Importer(815301076,1909f56bfc062723c751e8b465ee728b)  -> (artifact id: '814c6d1b24ffc0d433884391a64df7f5') in 0.014874 seconds 
========================================================================
Received Import Request.
  Time since last request: 0.304000 seconds.
  path: Assets/Models/Can Game/Cans_LP_ 4.fbx
  artifactKey: Guid(17fffd90947c1cb41b17d32ca5aea6c9) Importer(815301076,1909f56bfc062723c751e8b465ee728b)
Start importing Assets/Models/Can Game/Cans_LP_ 4.fbx using Guid(17fffd90947c1cb41b17d32ca5aea6c9) Importer(815301076,1909f56bfc062723c751e8b465ee728b)  -> (artifact id: 'dd8137213680b14ca4784892e2b9ed02') in 0.014227 seconds 
========================================================================
Received Import Request.
  Time since last request: 0.179989 seconds.
  path: Assets/Models/Can Game/Cans_LP_ 5.fbx
  artifactKey: Guid(f3c37ed6687172440bffde7050c48e70) Importer(815301076,1909f56bfc062723c751e8b465ee728b)
Start importing Assets/Models/Can Game/Cans_LP_ 5.fbx using Guid(f3c37ed6687172440bffde7050c48e70) Importer(815301076,1909f56bfc062723c751e8b465ee728b)  -> (artifact id: 'ada74b7343830e7dc265c3cbb30ff7c2') in 0.014425 seconds 
========================================================================
Received Import Request.
  Time since last request: 0.161598 seconds.
  path: Assets/Models/Can Game/Cans_LP_ 6.fbx
  artifactKey: Guid(dee68903af641cf4cbb46a1556b73aca) Importer(815301076,1909f56bfc062723c751e8b465ee728b)
Start importing Assets/Models/Can Game/Cans_LP_ 6.fbx using Guid(dee68903af641cf4cbb46a1556b73aca) Importer(815301076,1909f56bfc062723c751e8b465ee728b)  -> (artifact id: '4ae524e85e377d49e087e39c19c4680f') in 0.013931 seconds 
========================================================================
Received Import Request.
  Time since last request: 0.160535 seconds.
  path: Assets/Models/Can Game/Cans_LP_ 7.fbx
  artifactKey: Guid(a25588e8c0db0fa449c77dd6b149b678) Importer(815301076,1909f56bfc062723c751e8b465ee728b)
Start importing Assets/Models/Can Game/Cans_LP_ 7.fbx using Guid(a25588e8c0db0fa449c77dd6b149b678) Importer(815301076,1909f56bfc062723c751e8b465ee728b)  -> (artifact id: 'e02d6561516f59b2b8cfce20234e7d65') in 0.013725 seconds 
========================================================================
Received Import Request.
  Time since last request: 0.145617 seconds.
  path: Assets/Models/Can Game/Cans_LP_ 8.fbx
  artifactKey: Guid(5ee863dda69f0084a8e268eb343019b6) Importer(815301076,1909f56bfc062723c751e8b465ee728b)
Start importing Assets/Models/Can Game/Cans_LP_ 8.fbx using Guid(5ee863dda69f0084a8e268eb343019b6) Importer(815301076,1909f56bfc062723c751e8b465ee728b)  -> (artifact id: 'd8147cd98252d9502c6388647174a7f5') in 0.014847 seconds 
========================================================================
Received Import Request.
  Time since last request: 0.161654 seconds.
  path: Assets/Models/Can Game/Cans_LP_ 9.fbx
  artifactKey: Guid(1aa0b0c1060d12a439d5e5915e4c86f0) Importer(815301076,1909f56bfc062723c751e8b465ee728b)
Start importing Assets/Models/Can Game/Cans_LP_ 9.fbx using Guid(1aa0b0c1060d12a439d5e5915e4c86f0) Importer(815301076,1909f56bfc062723c751e8b465ee728b)  -> (artifact id: '18956d21869443dc84349be14c27be91') in 0.016115 seconds 
========================================================================
Received Import Request.
  Time since last request: 0.583280 seconds.
  path: Assets/Models/Can Game/Cans_LP_ 10.fbx
  artifactKey: Guid(35cce998b46bac74ab94c443948ab473) Importer(815301076,1909f56bfc062723c751e8b465ee728b)
Start importing Assets/Models/Can Game/Cans_LP_ 10.fbx using Guid(35cce998b46bac74ab94c443948ab473) Importer(815301076,1909f56bfc062723c751e8b465ee728b)  -> (artifact id: '1de6134f696e9b024dce4ed25b1e5851') in 0.017578 seconds 
========================================================================
Received Import Request.
  Time since last request: 0.231962 seconds.
  path: Assets/Models/Can Game/Cans_LP_ 11.fbx
  artifactKey: Guid(017b12f88a22b1b49a6253dc3f126990) Importer(815301076,1909f56bfc062723c751e8b465ee728b)
Start importing Assets/Models/Can Game/Cans_LP_ 11.fbx using Guid(017b12f88a22b1b49a6253dc3f126990) Importer(815301076,1909f56bfc062723c751e8b465ee728b)  -> (artifact id: '18336f71ba2cd61c53056aeda902f844') in 0.020268 seconds 
========================================================================
Received Import Request.
  Time since last request: 71.706817 seconds.
  path: Assets/Models/Can Game/Cans
  artifactKey: Guid(6c252165e989b3e468e949b65728de9c) Importer(815301076,1909f56bfc062723c751e8b465ee728b)
Start importing Assets/Models/Can Game/Cans using Guid(6c252165e989b3e468e949b65728de9c) Importer(815301076,1909f56bfc062723c751e8b465ee728b)  -> (artifact id: '85c08e0d3005384016760d3288ac7119') in 0.005022 seconds 
========================================================================
Received Import Request.
  Time since last request: 23.417294 seconds.
  path: Assets/Materials/PropMaterials/canGame_mtl/Cans
  artifactKey: Guid(740211fc09a2f574184fd5dee2e2f50b) Importer(815301076,1909f56bfc062723c751e8b465ee728b)
Start importing Assets/Materials/PropMaterials/canGame_mtl/Cans using Guid(740211fc09a2f574184fd5dee2e2f50b) Importer(815301076,1909f56bfc062723c751e8b465ee728b)  -> (artifact id: '165cd1ec44072746b7d7b54c6c98b3d3') in 0.001416 seconds 
========================================================================
Received Import Request.
  Time since last request: 247.845672 seconds.
  path: Assets/Textures/canGame_tx/Cans/LP_Cans_MaskMap.png
  artifactKey: Guid(5399cbeefec2d4b4cb39535362afd301) Importer(815301076,1909f56bfc062723c751e8b465ee728b)
Start importing Assets/Textures/canGame_tx/Cans/LP_Cans_MaskMap.png using Guid(5399cbeefec2d4b4cb39535362afd301) Importer(815301076,1909f56bfc062723c751e8b465ee728b)  -> (artifact id: '3e318f6809e5dc0aa9933cabddec8016') in 0.010370 seconds 
========================================================================
Received Import Request.
  Time since last request: 4.302153 seconds.
  path: Assets/Textures/canGame_tx/Cans/LP_Cans_11_Normal.png
  artifactKey: Guid(f4c7b01543cc37b4f93617565693c7ec) Importer(815301076,1909f56bfc062723c751e8b465ee728b)
Start importing Assets/Textures/canGame_tx/Cans/LP_Cans_11_Normal.png using Guid(f4c7b01543cc37b4f93617565693c7ec) Importer(815301076,1909f56bfc062723c751e8b465ee728b)  -> (artifact id: '9b75ecd504c6fb50806d3811b5f8ca32') in 0.009047 seconds 
========================================================================
Received Import Request.
  Time since last request: 5.487732 seconds.
  path: Assets/Textures/canGame_tx/Cans/LP_Cans_Normal.png
  artifactKey: Guid(f4c7b01543cc37b4f93617565693c7ec) Importer(815301076,1909f56bfc062723c751e8b465ee728b)
Start importing Assets/Textures/canGame_tx/Cans/LP_Cans_Normal.png using Guid(f4c7b01543cc37b4f93617565693c7ec) Importer(815301076,1909f56bfc062723c751e8b465ee728b)  -> (artifact id: 'f192031d54809f0bf75f24e4b57de59e') in 0.009623 seconds 
========================================================================
Received Import Request.
  Time since last request: 733.703089 seconds.
  path: Assets/Models/Can Game/Cans/Cans_LP_ 7.prefab
  artifactKey: Guid(26d46e53e021b3443aac822aadab2fb5) Importer(815301076,1909f56bfc062723c751e8b465ee728b)
Start importing Assets/Models/Can Game/Cans/Cans_LP_ 7.prefab using Guid(26d46e53e021b3443aac822aadab2fb5) Importer(815301076,1909f56bfc062723c751e8b465ee728b)  -> (artifact id: 'ec2b79b39ce0a0930f7aebf4954cb2fc') in 0.013745 seconds 
========================================================================
Received Import Request.
  Time since last request: 20.341011 seconds.
  path: Assets/Models/Can Game/Cans/Cans_LP_ 1.prefab
  artifactKey: Guid(5a0239abf90bf3841be37146f58bcc99) Importer(815301076,1909f56bfc062723c751e8b465ee728b)
Start importing Assets/Models/Can Game/Cans/Cans_LP_ 1.prefab using Guid(5a0239abf90bf3841be37146f58bcc99) Importer(815301076,1909f56bfc062723c751e8b465ee728b)  -> (artifact id: 'ebbcf693c096b8d7e993594dd9c6b321') in 0.002754 seconds 
========================================================================
Received Import Request.
  Time since last request: 0.479807 seconds.
  path: Assets/Models/Can Game/Cans/Cans_LP_ 7.prefab
  artifactKey: Guid(26d46e53e021b3443aac822aadab2fb5) Importer(815301076,1909f56bfc062723c751e8b465ee728b)
Start importing Assets/Models/Can Game/Cans/Cans_LP_ 7.prefab using Guid(26d46e53e021b3443aac822aadab2fb5) Importer(815301076,1909f56bfc062723c751e8b465ee728b)  -> (artifact id: 'f329fe0e580e9d5a286410477f1f74a2') in 0.002757 seconds 
========================================================================
Received Import Request.
  Time since last request: 36.003195 seconds.
  path: Assets/Models/Can Game/Cans/Cans_LP_ 11.prefab
  artifactKey: Guid(cef4345ec182d6145954f0054a55e965) Importer(815301076,1909f56bfc062723c751e8b465ee728b)
Start importing Assets/Models/Can Game/Cans/Cans_LP_ 11.prefab using Guid(cef4345ec182d6145954f0054a55e965) Importer(815301076,1909f56bfc062723c751e8b465ee728b)  -> (artifact id: 'ed7d8ff8fd446dee888a1b28accbd2ff') in 0.003265 seconds 
========================================================================
Received Import Request.
  Time since last request: 41.325659 seconds.
  path: Assets/Models/Can Game/Cans/Cans_LP_ 1.prefab
  artifactKey: Guid(5a0239abf90bf3841be37146f58bcc99) Importer(815301076,1909f56bfc062723c751e8b465ee728b)
Start importing Assets/Models/Can Game/Cans/Cans_LP_ 1.prefab using Guid(5a0239abf90bf3841be37146f58bcc99) Importer(815301076,1909f56bfc062723c751e8b465ee728b)  -> (artifact id: 'd4b21d8f45fdd7808f1ca5e6e6696868') in 0.011388 seconds 
========================================================================
Received Import Request.
  Time since last request: 4.862666 seconds.
  path: Assets/Models/Can Game/Cans/Cans_LP.fbx
  artifactKey: Guid(0fcd7a0572d827940996773a975c63d9) Importer(815301076,1909f56bfc062723c751e8b465ee728b)
Start importing Assets/Models/Can Game/Cans/Cans_LP.fbx using Guid(0fcd7a0572d827940996773a975c63d9) Importer(815301076,1909f56bfc062723c751e8b465ee728b)  -> (artifact id: '486e6f5c63c2ff851e3644239ca9ce40') in 0.017257 seconds 
========================================================================
Received Import Request.
  Time since last request: 15.344855 seconds.
  path: Assets/Materials/PropMaterials/canGame_mtl/c_instructions_mtl.mat
  artifactKey: Guid(4e1de14e5d58a0d449e0d73564bdae34) Importer(815301076,1909f56bfc062723c751e8b465ee728b)
Start importing Assets/Materials/PropMaterials/canGame_mtl/c_instructions_mtl.mat using Guid(4e1de14e5d58a0d449e0d73564bdae34) Importer(815301076,1909f56bfc062723c751e8b465ee728b)  -> (artifact id: '7aa54aeec492d6729911d04e0e75a295') in 0.061607 seconds 
========================================================================
Received Import Request.
  Time since last request: 16.554701 seconds.
  path: Assets/Models/Can Game/Cans/Cans_LP_ 2.prefab
  artifactKey: Guid(1ef8319b7ab8da043bddb76a081e0207) Importer(815301076,1909f56bfc062723c751e8b465ee728b)
Start importing Assets/Models/Can Game/Cans/Cans_LP_ 2.prefab using Guid(1ef8319b7ab8da043bddb76a081e0207) Importer(815301076,1909f56bfc062723c751e8b465ee728b)  -> (artifact id: 'd0c7bcd366ee3aa7eeaedbba217ed071') in 0.003224 seconds 
========================================================================
Received Import Request.
  Time since last request: 0.000021 seconds.
  path: Assets/Models/Can Game/Cans/Cans_LP_ 4.prefab
  artifactKey: Guid(f6aa22655b8178b40a49220a96a4dad7) Importer(815301076,1909f56bfc062723c751e8b465ee728b)
Start importing Assets/Models/Can Game/Cans/Cans_LP_ 4.prefab using Guid(f6aa22655b8178b40a49220a96a4dad7) Importer(815301076,1909f56bfc062723c751e8b465ee728b)  -> (artifact id: '7d9e89012212506b5a6324b7916f3bf4') in 0.003452 seconds 
========================================================================
Received Import Request.
  Time since last request: 0.000029 seconds.
  path: Assets/Models/Can Game/Cans/Cans_LP_ 9.prefab
  artifactKey: Guid(89a9e179402e2c446889a83f11cd4f89) Importer(815301076,1909f56bfc062723c751e8b465ee728b)
Start importing Assets/Models/Can Game/Cans/Cans_LP_ 9.prefab using Guid(89a9e179402e2c446889a83f11cd4f89) Importer(815301076,1909f56bfc062723c751e8b465ee728b)  -> (artifact id: '4175279c2ec1e8cb25866792aab50e5c') in 0.003063 seconds 
========================================================================
Received Import Request.
  Time since last request: 0.000028 seconds.
  path: Assets/Models/Can Game/Cans/Cans_LP_ 8.prefab
  artifactKey: Guid(156ef63ac2840ee459e949417e78af8e) Importer(815301076,1909f56bfc062723c751e8b465ee728b)
Start importing Assets/Models/Can Game/Cans/Cans_LP_ 8.prefab using Guid(156ef63ac2840ee459e949417e78af8e) Importer(815301076,1909f56bfc062723c751e8b465ee728b)  -> (artifact id: '060449fd4cf395d8a724d2bfcd4bdf57') in 0.003744 seconds 
========================================================================
Received Import Request.
  Time since last request: 0.000022 seconds.
  path: Assets/Models/Can Game/Cans/Cans_LP_ 10.prefab
  artifactKey: Guid(697879da5260d7a43930ca9a8dc2215b) Importer(815301076,1909f56bfc062723c751e8b465ee728b)
Start importing Assets/Models/Can Game/Cans/Cans_LP_ 10.prefab using Guid(697879da5260d7a43930ca9a8dc2215b) Importer(815301076,1909f56bfc062723c751e8b465ee728b)  -> (artifact id: '552db170d2a507850d9ecab203bbcad2') in 0.002726 seconds 
Editor requested this worker to shutdown with reason: Scaling down because of idle timeout
AssetImportWorker is now disconnected from the server
Process exiting
Exiting without the bug reporter. Application will terminate with return code 0