Using pre-set license
Built from '2021.3/staging' branch; Version is '2021.3.15f1 (e8e88683f834) revision 15263878'; Using compiler version '192829333'; Build Type 'Release'
OS: 'Windows 10  (10.0.19045) 64bit Enterprise' Language: 'es' Physical Memory: 32621 MB
BatchMode: 1, IsHumanControllingUs: 0, StartBugReporterOnCrash: 0, Is64bit: 1, IsPro: 1

COMMAND LINE ARGUMENTS:
C:\Program Files\Unity 2021.3.15f1\Editor\Unity.exe
-adb2
-batchMode
-noUpm
-name
AssetImportWorker6
-projectPath
C:/RepositorioVR/ProjectY
-logFile
Logs/AssetImportWorker6.log
-srvPort
49812
Successfully changed project path to: C:/RepositorioVR/ProjectY
C:/RepositorioVR/ProjectY
[UnityMemory] Configuration Parameters - Can be set up in boot.config
    "memorysetup-bucket-allocator-granularity=16"
    "memorysetup-bucket-allocator-bucket-count=8"
    "memorysetup-bucket-allocator-block-size=33554432"
    "memorysetup-bucket-allocator-block-count=8"
    "memorysetup-main-allocator-block-size=16777216"
    "memorysetup-thread-allocator-block-size=16777216"
    "memorysetup-gfx-main-allocator-block-size=16777216"
    "memorysetup-gfx-thread-allocator-block-size=16777216"
    "memorysetup-cache-allocator-block-size=4194304"
    "memorysetup-typetree-allocator-block-size=2097152"
    "memorysetup-profiler-bucket-allocator-granularity=16"
    "memorysetup-profiler-bucket-allocator-bucket-count=8"
    "memorysetup-profiler-bucket-allocator-block-size=33554432"
    "memorysetup-profiler-bucket-allocator-block-count=8"
    "memorysetup-profiler-allocator-block-size=16777216"
    "memorysetup-profiler-editor-allocator-block-size=1048576"
    "memorysetup-temp-allocator-size-main=16777216"
    "memorysetup-job-temp-allocator-block-size=2097152"
    "memorysetup-job-temp-allocator-block-size-background=1048576"
    "memorysetup-job-temp-allocator-reduction-small-platforms=262144"
    "memorysetup-temp-allocator-size-background-worker=32768"
    "memorysetup-temp-allocator-size-job-worker=262144"
    "memorysetup-temp-allocator-size-preload-manager=33554432"
    "memorysetup-temp-allocator-size-nav-mesh-worker=65536"
    "memorysetup-temp-allocator-size-audio-worker=65536"
    "memorysetup-temp-allocator-size-cloud-worker=32768"
    "memorysetup-temp-allocator-size-gi-baking-worker=262144"
    "memorysetup-temp-allocator-size-gfx=262144"
Player connection [25752] Host "[IP] 192.168.25.58 [Port] 0 [Flags] 2 [Guid] 2487884101 [EditorId] 2487884101 [Version] 1048832 [Id] WindowsEditor(7,D011-21) [Debug] 1 [PackageName] WindowsEditor [ProjectName] Editor" joined multi-casting on [225.0.0.222:54997]...

Player connection [25752] Host "[IP] 192.168.25.58 [Port] 0 [Flags] 2 [Guid] 2487884101 [EditorId] 2487884101 [Version] 1048832 [Id] WindowsEditor(7,D011-21) [Debug] 1 [PackageName] WindowsEditor [ProjectName] Editor" joined alternative multi-casting on [225.0.0.222:34997]...

Refreshing native plugins compatible for Editor in 137.06 ms, found 13 plugins.
Preloading 1 native plugins for Editor in 0.40 ms.
Initialize engine version: 2021.3.15f1 (e8e88683f834)
[Subsystems] Discovering subsystems at path C:/Program Files/Unity 2021.3.15f1/Editor/Data/Resources/UnitySubsystems
[Subsystems] Discovering subsystems at path C:/RepositorioVR/ProjectY/Assets
GfxDevice: creating device client; threaded=0; jobified=0
Direct3D:
    Version:  Direct3D 11.0 [level 11.1]
    Renderer: NVIDIA GeForce RTX 2060 (ID=0x1f08)
    Vendor:   NVIDIA
    VRAM:     5980 MB
    Driver:   31.0.15.1740
Initialize mono
Mono path[0] = 'C:/Program Files/Unity 2021.3.15f1/Editor/Data/Managed'
Mono path[1] = 'C:/Program Files/Unity 2021.3.15f1/Editor/Data/MonoBleedingEdge/lib/mono/unityjit-win32'
Mono config path = 'C:/Program Files/Unity 2021.3.15f1/Editor/Data/MonoBleedingEdge/etc'
Using monoOptions --debugger-agent=transport=dt_socket,embedding=1,server=y,suspend=n,address=127.0.0.1:56928
Begin MonoManager ReloadAssembly
Registering precompiled unity dll's ...
Register platform support module: C:/Program Files/Unity 2021.3.15f1/Editor/Data/PlaybackEngines/WindowsStandaloneSupport/UnityEditor.WindowsStandalone.Extensions.dll
Registered in 0.004311 seconds.
Native extension for WindowsStandalone target not found
Refreshing native plugins compatible for Editor in 112.29 ms, found 13 plugins.
Preloading 1 native plugins for Editor in 0.07 ms.
Mono: successfully reloaded assembly
- Completed reload, in  0.607 seconds
Domain Reload Profiling:
	ReloadAssembly (607ms)
		BeginReloadAssembly (61ms)
			ExecutionOrderSort (0ms)
			DisableScriptedObjects (0ms)
			BackupInstance (0ms)
			ReleaseScriptingObjects (0ms)
			CreateAndSetChildDomain (1ms)
		EndReloadAssembly (447ms)
			LoadAssemblies (59ms)
			RebuildTransferFunctionScriptingTraits (0ms)
			SetupTypeCache (95ms)
			ReleaseScriptCaches (0ms)
			RebuildScriptCaches (23ms)
			SetupLoadedEditorAssemblies (278ms)
				LogAssemblyErrors (0ms)
				InitializePlatformSupportModulesInManaged (6ms)
				SetLoadedEditorAssemblies (0ms)
				RefreshPlugins (112ms)
				BeforeProcessingInitializeOnLoad (1ms)
				ProcessInitializeOnLoadAttributes (119ms)
				ProcessInitializeOnLoadMethodAttributes (39ms)
				AfterProcessingInitializeOnLoad (0ms)
				EditorAssembliesLoaded (0ms)
			ExecutionOrderSort2 (0ms)
			AwakeInstancesAfterBackupRestoration (0ms)
Platform modules already initialized, skipping
Registering precompiled user dll's ...
Registered in 0.010099 seconds.
Begin MonoManager ReloadAssembly
Symbol file LoadedFromMemory doesn't match image C:\RepositorioVR\ProjectY\Library\PackageCache\com.unity.visualscripting@1.7.8\Editor\VisualScripting.Core\Dependencies\DotNetZip\Unity.VisualScripting.IonicZip.dll
Symbol file LoadedFromMemory doesn't match image C:\RepositorioVR\ProjectY\Library\PackageCache\com.unity.visualscripting@1.7.8\Editor\VisualScripting.Core\Dependencies\YamlDotNet\Unity.VisualScripting.YamlDotNet.dll
Native extension for WindowsStandalone target not found
Refreshing native plugins compatible for Editor in 113.51 ms, found 13 plugins.
Preloading 1 native plugins for Editor in 0.07 ms.
Package Manager log level set to [2]
System.Reflection.TargetInvocationException: Exception has been thrown by the target of an invocation. ---> System.NullReferenceException: Object reference not set to an instance of an object
  at Unity.XR.Oculus.OculusLoader.AssetPathToAbsolutePath (System.String assetPath) [0x0003d] in C:\RepositorioVR\ProjectY\Library\PackageCache\com.unity.xr.oculus@3.2.2\Runtime\OculusLoader.cs:296 
  at Unity.XR.Oculus.OculusLoader.EditorLoadOVRPlugin () [0x0007b] in C:\RepositorioVR\ProjectY\Library\PackageCache\com.unity.xr.oculus@3.2.2\Runtime\OculusLoader.cs:281 
  at (wrapper managed-to-native) System.Reflection.RuntimeMethodInfo.InternalInvoke(System.Reflection.RuntimeMethodInfo,object,object[],System.Exception&)
  at System.Reflection.RuntimeMethodInfo.Invoke (System.Object obj, System.Reflection.BindingFlags invokeAttr, System.Reflection.Binder binder, System.Object[] parameters, System.Globalization.CultureInfo culture) [0x0006a] in <d6232873609549b8a045fa15811a5bd3>:0 
   --- End of inner exception stack trace ---
  at System.Reflection.RuntimeMethodInfo.Invoke (System.Object obj, System.Reflection.BindingFlags invokeAttr, System.Reflection.Binder binder, System.Object[] parameters, System.Globalization.CultureInfo culture) [0x00083] in <d6232873609549b8a045fa15811a5bd3>:0 
  at System.Reflection.MethodBase.Invoke (System.Object obj, System.Object[] parameters) [0x00000] in <d6232873609549b8a045fa15811a5bd3>:0 
  at UnityEditor.EditorAssemblies.ProcessInitializeOnLoadMethodAttributes () [0x000a5] in <63965ae56af7489797f355b7c1211ab2>:0 
UnityEngine.StackTraceUtility:ExtractStackTrace ()
UnityEngine.DebugLogHandler:LogFormat (UnityEngine.LogType,UnityEngine.Object,string,object[])
UnityEngine.Logger:Log (UnityEngine.LogType,object)
UnityEngine.Debug:LogError (object)
UnityEditor.EditorAssemblies:ProcessInitializeOnLoadMethodAttributes ()

Mono: successfully reloaded assembly
- Completed reload, in  1.287 seconds
Domain Reload Profiling:
	ReloadAssembly (1288ms)
		BeginReloadAssembly (92ms)
			ExecutionOrderSort (0ms)
			DisableScriptedObjects (5ms)
			BackupInstance (0ms)
			ReleaseScriptingObjects (0ms)
			CreateAndSetChildDomain (16ms)
		EndReloadAssembly (1087ms)
			LoadAssemblies (85ms)
			RebuildTransferFunctionScriptingTraits (0ms)
			SetupTypeCache (273ms)
			ReleaseScriptCaches (1ms)
			RebuildScriptCaches (64ms)
			SetupLoadedEditorAssemblies (617ms)
				LogAssemblyErrors (0ms)
				InitializePlatformSupportModulesInManaged (4ms)
				SetLoadedEditorAssemblies (0ms)
				RefreshPlugins (114ms)
				BeforeProcessingInitializeOnLoad (115ms)
				ProcessInitializeOnLoadAttributes (298ms)
				ProcessInitializeOnLoadMethodAttributes (80ms)
				AfterProcessingInitializeOnLoad (6ms)
				EditorAssembliesLoaded (0ms)
			ExecutionOrderSort2 (0ms)
			AwakeInstancesAfterBackupRestoration (4ms)
Platform modules already initialized, skipping
========================================================================
Worker process is ready to serve import requests
Launched and connected shader compiler UnityShaderCompiler.exe after 0.03 seconds
Refreshing native plugins compatible for Editor in 1.32 ms, found 13 plugins.
Preloading 1 native plugins for Editor in 0.10 ms.
Unloading 6008 Unused Serialized files (Serialized files now loaded: 0)
Unloading 59 unused Assets / (354.8 KB). Loaded Objects now: 6456.
Memory consumption went from 236.7 MB to 236.4 MB.
Total: 3.566700 ms (FindLiveObjects: 0.430900 ms CreateObjectMapping: 0.466900 ms MarkObjects: 2.481000 ms  DeleteObjects: 0.187200 ms)

AssetImportParameters requested are different than current active one (requested -> active):
  custom:video-decoder-ogg-theora: a1e56fd34408186e4bbccfd4996cb3dc -> 
  custom:container-muxer-webm: aa71ff27fc2769a1b78a27578f13a17b -> 
  custom:container-demuxer-webm: 4f35f7cbe854078d1ac9338744f61a02 -> 
  custom:video-encoder-webm-vp8: eb34c28f22e8b96e1ab97ce403110664 -> 
  custom:audio-encoder-webm-vorbis: bf7c407c2cedff20999df2af8eb42d56 -> 
  custom:framework-win-MediaFoundation: 216162199b28c13a410421893ffa2e32 -> 
  custom:container-demuxer-ogg: 62fdf1f143b41e24485cea50d1cbac27 -> 
  custom:video-decoder-webm-vp8: 9c59270c3fd7afecdb556c50c9e8de78 -> 
  custom:audio-decoder-ogg-vorbis: bf7c407c2cedff20999df2af8eb42d56 -> 
========================================================================
Received Import Request.
  Time since last request: 507063.790168 seconds.
  path: Assets/Instructions/Skipball/SKEE_6.png
  artifactKey: Guid(ed375f53b76fd9c4e89c12163a1eb0d3) Importer(815301076,1909f56bfc062723c751e8b465ee728b)
Start importing Assets/Instructions/Skipball/SKEE_6.png using Guid(ed375f53b76fd9c4e89c12163a1eb0d3) Importer(815301076,1909f56bfc062723c751e8b465ee728b)  -> (artifact id: '04615cde09ecc8053cac320620860632') in 0.261005 seconds 
========================================================================
Received Import Request.
  Time since last request: 0.000027 seconds.
  path: Assets/Instructions/Skipball/SKEE_4.png
  artifactKey: Guid(68b590f92f18bff4d93dc0b79af2987c) Importer(815301076,1909f56bfc062723c751e8b465ee728b)
Start importing Assets/Instructions/Skipball/SKEE_4.png using Guid(68b590f92f18bff4d93dc0b79af2987c) Importer(815301076,1909f56bfc062723c751e8b465ee728b)  -> (artifact id: '884bdb80525d01b3eb761461f52c981a') in 0.119564 seconds 
========================================================================
Received Import Request.
  Time since last request: 0.000035 seconds.
  path: Assets/Instructions/Skipball/SKEE_3.png
  artifactKey: Guid(8aa4242eb940dc14f913f57bc85d1c68) Importer(815301076,1909f56bfc062723c751e8b465ee728b)
Start importing Assets/Instructions/Skipball/SKEE_3.png using Guid(8aa4242eb940dc14f913f57bc85d1c68) Importer(815301076,1909f56bfc062723c751e8b465ee728b)  -> (artifact id: 'f919b02e6a37c395079fa3419b239581') in 0.117657 seconds 
========================================================================
Received Import Request.
  Time since last request: 4.943428 seconds.
  path: Packages/com.unity.inputsystem/InputSystem/Editor/Icons/Pen@4x.png
  artifactKey: Guid(acf10446fff184bb98db6350c2c43148) Importer(815301076,1909f56bfc062723c751e8b465ee728b)
Start importing Packages/com.unity.inputsystem/InputSystem/Editor/Icons/Pen@4x.png using Guid(acf10446fff184bb98db6350c2c43148) Importer(815301076,1909f56bfc062723c751e8b465ee728b)  -> (artifact id: 'a45a633f5beb1649eeb5e61cf65c0279') in 0.017898 seconds 
========================================================================
Received Import Request.
  Time since last request: 0.028059 seconds.
  path: Assets/Tools/TerrainRotator/DEMO/Standard Assets/Terrain Assets/Trees Ambient-Occlusion/Palm/PalmBark.psd
  artifactKey: Guid(f7d5f039a8e7848e889e1546d37dc39e) Importer(815301076,1909f56bfc062723c751e8b465ee728b)
Start importing Assets/Tools/TerrainRotator/DEMO/Standard Assets/Terrain Assets/Trees Ambient-Occlusion/Palm/PalmBark.psd using Guid(f7d5f039a8e7848e889e1546d37dc39e) Importer(815301076,1909f56bfc062723c751e8b465ee728b)  -> (artifact id: '3060e9643f155b110d31190307eced08') in 0.022702 seconds 
========================================================================
Received Import Request.
  Time since last request: 0.000017 seconds.
  path: Assets/Tools/TerrainRotator/DEMO/Standard Assets/Terrain Assets/Trees Ambient-Occlusion/Palm/PalmBranch.psd
  artifactKey: Guid(54e03e659ab274dd9b12c0538a9c4983) Importer(815301076,1909f56bfc062723c751e8b465ee728b)
Start importing Assets/Tools/TerrainRotator/DEMO/Standard Assets/Terrain Assets/Trees Ambient-Occlusion/Palm/PalmBranch.psd using Guid(54e03e659ab274dd9b12c0538a9c4983) Importer(815301076,1909f56bfc062723c751e8b465ee728b)  -> (artifact id: 'fa72c428480e89e11b4045dfd3f66b72') in 0.017080 seconds 
========================================================================
Received Import Request.
  Time since last request: 457.005230 seconds.
  path: Assets/Models/SB_BaseMachin_LP.fbx
  artifactKey: Guid(ae514b431bc6c1846820ff4e4b333038) Importer(815301076,1909f56bfc062723c751e8b465ee728b)
Start importing Assets/Models/SB_BaseMachin_LP.fbx using Guid(ae514b431bc6c1846820ff4e4b333038) Importer(815301076,1909f56bfc062723c751e8b465ee728b)  -> (artifact id: '75675a123c8efc3c6107c674c66e471f') in 0.234706 seconds 
========================================================================
Received Import Request.
  Time since last request: 0.000023 seconds.
  path: Assets/Materials/PropMaterials/whackaKappa_mtl/basemachine_mtl.mat
  artifactKey: Guid(f33a94002c673a24bb0431b39790ee93) Importer(815301076,1909f56bfc062723c751e8b465ee728b)
Start importing Assets/Materials/PropMaterials/whackaKappa_mtl/basemachine_mtl.mat using Guid(f33a94002c673a24bb0431b39790ee93) Importer(815301076,1909f56bfc062723c751e8b465ee728b)  -> (artifact id: '5e6969b32a3d5a60460ed758c4e91d28') in 0.026426 seconds 
========================================================================
Received Import Request.
  Time since last request: 0.000030 seconds.
  path: Assets/Materials/PropMaterials/skeeball_mtl/BaseMachin_mtl 2.mat
  artifactKey: Guid(4c5501cecb1b65949925a2b3bc11cfd2) Importer(815301076,1909f56bfc062723c751e8b465ee728b)
Start importing Assets/Materials/PropMaterials/skeeball_mtl/BaseMachin_mtl 2.mat using Guid(4c5501cecb1b65949925a2b3bc11cfd2) Importer(815301076,1909f56bfc062723c751e8b465ee728b)  -> (artifact id: '1da29552023f61bfaf964bf7e77e7049') in 0.019398 seconds 
========================================================================
Received Import Request.
  Time since last request: 94.079012 seconds.
  path: Assets/TextMesh Pro/Shaders/TMPro_Surface.cginc
  artifactKey: Guid(d930090c0cd643c7b55f19a38538c162) Importer(815301076,1909f56bfc062723c751e8b465ee728b)
Start importing Assets/TextMesh Pro/Shaders/TMPro_Surface.cginc using Guid(d930090c0cd643c7b55f19a38538c162) Importer(815301076,1909f56bfc062723c751e8b465ee728b)  -> (artifact id: '1440015d4353a6ddac9b491f39e53ce5') in 0.012713 seconds 
========================================================================
Received Import Request.
  Time since last request: 163.480767 seconds.
  path: Assets/sueloRGH.png
  artifactKey: Guid(1f7582d1a7fc1964c94d7bf5bf86fcfc) Importer(815301076,1909f56bfc062723c751e8b465ee728b)
Start importing Assets/sueloRGH.png using Guid(1f7582d1a7fc1964c94d7bf5bf86fcfc) Importer(815301076,1909f56bfc062723c751e8b465ee728b)  -> (artifact id: '77c1e57c31304f0fc33f64ac44e72f17') in 0.009638 seconds 
========================================================================
Received Import Request.
  Time since last request: 27.845930 seconds.
  path: Assets/sueloRGH.png
  artifactKey: Guid(1f7582d1a7fc1964c94d7bf5bf86fcfc) Importer(815301076,1909f56bfc062723c751e8b465ee728b)
Start importing Assets/sueloRGH.png using Guid(1f7582d1a7fc1964c94d7bf5bf86fcfc) Importer(815301076,1909f56bfc062723c751e8b465ee728b)  -> (artifact id: '907bcc2d949484474bcaa1a4cc2edfd7') in 0.004937 seconds 
========================================================================
Received Import Request.
  Time since last request: 91.151944 seconds.
  path: Assets/sueloRGH.tga
  artifactKey: Guid(f8f75df51c2061a4bb53e32989eae404) Importer(815301076,1909f56bfc062723c751e8b465ee728b)
Start importing Assets/sueloRGH.tga using Guid(f8f75df51c2061a4bb53e32989eae404) Importer(815301076,1909f56bfc062723c751e8b465ee728b)  -> (artifact id: 'b22c3554ce283ae907096f0c74ce842c') in 0.008469 seconds 
========================================================================
Received Import Request.
  Time since last request: 57.120706 seconds.
  path: Assets/Textures/Floor_tx/NewLayer 1.terrainlayer
  artifactKey: Guid(a1c12154c64a0ac429284d47f97b1176) Importer(815301076,1909f56bfc062723c751e8b465ee728b)
Start importing Assets/Textures/Floor_tx/NewLayer 1.terrainlayer using Guid(a1c12154c64a0ac429284d47f97b1176) Importer(815301076,1909f56bfc062723c751e8b465ee728b)  -> (artifact id: '95e3e1f261f2f8585f7fb28ef4146ff7') in 0.012269 seconds 
========================================================================
Received Import Request.
  Time since last request: 1268.142044 seconds.
  path: Assets/Textures/inst_GIF
  artifactKey: Guid(246083613e548574ca0be384d9f07822) Importer(815301076,1909f56bfc062723c751e8b465ee728b)
Start importing Assets/Textures/inst_GIF using Guid(246083613e548574ca0be384d9f07822) Importer(815301076,1909f56bfc062723c751e8b465ee728b)  -> (artifact id: '6300712c8e92a751f8ff6bf136f33731') in 0.006683 seconds 
========================================================================
Received Import Request.
  Time since last request: 3.741842 seconds.
  path: Assets/Textures/inst_GIF/CANS__INST.gif
  artifactKey: Guid(0f65d71b8d91ece4f9e12538306a0b21) Importer(815301076,1909f56bfc062723c751e8b465ee728b)
Start importing Assets/Textures/inst_GIF/CANS__INST.gif using Guid(0f65d71b8d91ece4f9e12538306a0b21) Importer(815301076,1909f56bfc062723c751e8b465ee728b)  -> (artifact id: '2f2aa50d55a0b27fa9edbe8aff63028d') in 0.012975 seconds 
========================================================================
Received Import Request.
  Time since last request: 2.740749 seconds.
  path: Assets/Textures/inst_GIF/SHOO__INST.gif
  artifactKey: Guid(2ff9d21a9b2919c4e924e1ed4401aad5) Importer(815301076,1909f56bfc062723c751e8b465ee728b)
Start importing Assets/Textures/inst_GIF/SHOO__INST.gif using Guid(2ff9d21a9b2919c4e924e1ed4401aad5) Importer(815301076,1909f56bfc062723c751e8b465ee728b)  -> (artifact id: 'dd2f8d604ba35b5352244aee2b0fca26') in 0.009601 seconds 
========================================================================
Received Import Request.
  Time since last request: 3.326856 seconds.
  path: Assets/Textures/inst_GIF/SKEE_INST.gif
  artifactKey: Guid(4dcb2a4eadc739f4daa8dbd899835b1b) Importer(815301076,1909f56bfc062723c751e8b465ee728b)
Start importing Assets/Textures/inst_GIF/SKEE_INST.gif using Guid(4dcb2a4eadc739f4daa8dbd899835b1b) Importer(815301076,1909f56bfc062723c751e8b465ee728b)  -> (artifact id: '00de8c9d5e232129720e32c7b880f072') in 0.010419 seconds 
========================================================================
Received Import Request.
  Time since last request: 475.238506 seconds.
  path: Assets/Textures/inst_GIF/CANS_1.png
  artifactKey: Guid(15983619a9d87044f89bc4ddb21aaae1) Importer(815301076,1909f56bfc062723c751e8b465ee728b)
Start importing Assets/Textures/inst_GIF/CANS_1.png using Guid(15983619a9d87044f89bc4ddb21aaae1) Importer(815301076,1909f56bfc062723c751e8b465ee728b)  -> (artifact id: 'c099354bf9bda59c6223d0ff7144f913') in 0.018283 seconds 
========================================================================
Received Import Request.
  Time since last request: 0.000037 seconds.
  path: Assets/Textures/inst_GIF/SHOO_2.png
  artifactKey: Guid(c6add470430ea30409ec5995ccb9020c) Importer(815301076,1909f56bfc062723c751e8b465ee728b)
Start importing Assets/Textures/inst_GIF/SHOO_2.png using Guid(c6add470430ea30409ec5995ccb9020c) Importer(815301076,1909f56bfc062723c751e8b465ee728b)  -> (artifact id: '3fac796d6fe80b5da47a063fc83e2c17') in 0.013135 seconds 
========================================================================
Received Import Request.
  Time since last request: 0.000036 seconds.
  path: Assets/Textures/inst_GIF/SKEE_6.png
  artifactKey: Guid(934e94da19ecc9242b336d21bc38cf51) Importer(815301076,1909f56bfc062723c751e8b465ee728b)
Start importing Assets/Textures/inst_GIF/SKEE_6.png using Guid(934e94da19ecc9242b336d21bc38cf51) Importer(815301076,1909f56bfc062723c751e8b465ee728b)  -> (artifact id: 'c2e65f1867d49d98864f40492d5067ee') in 0.012510 seconds 
========================================================================
Received Import Request.
  Time since last request: 0.000033 seconds.
  path: Assets/Textures/inst_GIF/CANS_4.png
  artifactKey: Guid(8fb40cf4f4e2bf14ba7bdf6c6cb227d6) Importer(815301076,1909f56bfc062723c751e8b465ee728b)
Start importing Assets/Textures/inst_GIF/CANS_4.png using Guid(8fb40cf4f4e2bf14ba7bdf6c6cb227d6) Importer(815301076,1909f56bfc062723c751e8b465ee728b)  -> (artifact id: '2ebf488915b83385fe797d32746e9186') in 0.010277 seconds 
========================================================================
Received Import Request.
  Time since last request: 0.000021 seconds.
  path: Assets/Textures/inst_GIF/SKEE_2.png
  artifactKey: Guid(345585eedaf71da4fac47f35ce159731) Importer(815301076,1909f56bfc062723c751e8b465ee728b)
Start importing Assets/Textures/inst_GIF/SKEE_2.png using Guid(345585eedaf71da4fac47f35ce159731) Importer(815301076,1909f56bfc062723c751e8b465ee728b)  -> (artifact id: '07bb0b63b494455eeb0b88f90019c6b0') in 0.009488 seconds 
========================================================================
Received Import Request.
  Time since last request: 0.000025 seconds.
  path: Assets/Textures/inst_GIF/SKEE_1.png
  artifactKey: Guid(d5d1137acfc455849aa02b3b96084ede) Importer(815301076,1909f56bfc062723c751e8b465ee728b)
Start importing Assets/Textures/inst_GIF/SKEE_1.png using Guid(d5d1137acfc455849aa02b3b96084ede) Importer(815301076,1909f56bfc062723c751e8b465ee728b)  -> (artifact id: 'd756400d85b797a59842728087621ba3') in 0.010311 seconds 
========================================================================
Received Import Request.
  Time since last request: 0.000025 seconds.
  path: Assets/Textures/inst_GIF/SHOO_1.png
  artifactKey: Guid(3424f45febe20d0498996c381a071959) Importer(815301076,1909f56bfc062723c751e8b465ee728b)
Start importing Assets/Textures/inst_GIF/SHOO_1.png using Guid(3424f45febe20d0498996c381a071959) Importer(815301076,1909f56bfc062723c751e8b465ee728b)  -> (artifact id: '6e9d42b5fea128fd0bd424a89af1f558') in 0.010091 seconds 
========================================================================
Received Import Request.
  Time since last request: 0.000029 seconds.
  path: Assets/Textures/inst_GIF/SKEE_5.png
  artifactKey: Guid(432ff7fa3c444a445a01d19eb1a8671a) Importer(815301076,1909f56bfc062723c751e8b465ee728b)
Start importing Assets/Textures/inst_GIF/SKEE_5.png using Guid(432ff7fa3c444a445a01d19eb1a8671a) Importer(815301076,1909f56bfc062723c751e8b465ee728b)  -> (artifact id: '55b6f2a9dd75f45f26ba2ae458acf671') in 0.011417 seconds 
========================================================================
Received Import Request.
  Time since last request: 48.689942 seconds.
  path: Assets/Textures/inst_GIF/CANS_1.png
  artifactKey: Guid(15983619a9d87044f89bc4ddb21aaae1) Importer(815301076,1909f56bfc062723c751e8b465ee728b)
Start importing Assets/Textures/inst_GIF/CANS_1.png using Guid(15983619a9d87044f89bc4ddb21aaae1) Importer(815301076,1909f56bfc062723c751e8b465ee728b)  -> (artifact id: '829712d4c90cfbdcd002dc83f87ab8e3') in 0.020202 seconds 
========================================================================
Received Import Request.
  Time since last request: 0.000024 seconds.
  path: Assets/Textures/inst_GIF/CANS_4.png
  artifactKey: Guid(8fb40cf4f4e2bf14ba7bdf6c6cb227d6) Importer(815301076,1909f56bfc062723c751e8b465ee728b)
Start importing Assets/Textures/inst_GIF/CANS_4.png using Guid(8fb40cf4f4e2bf14ba7bdf6c6cb227d6) Importer(815301076,1909f56bfc062723c751e8b465ee728b)  -> (artifact id: 'b3ecb1c3964d21d11e8cb32bad576243') in 0.016635 seconds 
========================================================================
Received Import Request.
  Time since last request: 19.155099 seconds.
  path: Assets/Textures/inst_GIF/CANS_4.png
  artifactKey: Guid(8fb40cf4f4e2bf14ba7bdf6c6cb227d6) Importer(815301076,1909f56bfc062723c751e8b465ee728b)
Start importing Assets/Textures/inst_GIF/CANS_4.png using Guid(8fb40cf4f4e2bf14ba7bdf6c6cb227d6) Importer(815301076,1909f56bfc062723c751e8b465ee728b)  -> (artifact id: 'c46041c343e0537ce25b3d0a4df66ae7') in 0.100107 seconds 
========================================================================
Received Prepare
Registering precompiled user dll's ...
Registered in 0.009910 seconds.
Begin MonoManager ReloadAssembly
Symbol file LoadedFromMemory doesn't match image C:\RepositorioVR\ProjectY\Library\PackageCache\com.unity.visualscripting@1.7.8\Editor\VisualScripting.Core\Dependencies\DotNetZip\Unity.VisualScripting.IonicZip.dll
Symbol file LoadedFromMemory doesn't match image C:\RepositorioVR\ProjectY\Library\PackageCache\com.unity.visualscripting@1.7.8\Editor\VisualScripting.Core\Dependencies\YamlDotNet\Unity.VisualScripting.YamlDotNet.dll
Native extension for WindowsStandalone target not found
Refreshing native plugins compatible for Editor in 1.87 ms, found 13 plugins.
Preloading 1 native plugins for Editor in 0.12 ms.
System.Reflection.TargetInvocationException: Exception has been thrown by the target of an invocation. ---> System.NullReferenceException: Object reference not set to an instance of an object
  at Unity.XR.Oculus.OculusLoader.AssetPathToAbsolutePath (System.String assetPath) [0x0003d] in C:\RepositorioVR\ProjectY\Library\PackageCache\com.unity.xr.oculus@3.2.2\Runtime\OculusLoader.cs:296 
  at Unity.XR.Oculus.OculusLoader.EditorLoadOVRPlugin () [0x0007b] in C:\RepositorioVR\ProjectY\Library\PackageCache\com.unity.xr.oculus@3.2.2\Runtime\OculusLoader.cs:281 
  at (wrapper managed-to-native) System.Reflection.RuntimeMethodInfo.InternalInvoke(System.Reflection.RuntimeMethodInfo,object,object[],System.Exception&)
  at System.Reflection.RuntimeMethodInfo.Invoke (System.Object obj, System.Reflection.BindingFlags invokeAttr, System.Reflection.Binder binder, System.Object[] parameters, System.Globalization.CultureInfo culture) [0x0006a] in <d6232873609549b8a045fa15811a5bd3>:0 
   --- End of inner exception stack trace ---
  at System.Reflection.RuntimeMethodInfo.Invoke (System.Object obj, System.Reflection.BindingFlags invokeAttr, System.Reflection.Binder binder, System.Object[] parameters, System.Globalization.CultureInfo culture) [0x00083] in <d6232873609549b8a045fa15811a5bd3>:0 
  at System.Reflection.MethodBase.Invoke (System.Object obj, System.Object[] parameters) [0x00000] in <d6232873609549b8a045fa15811a5bd3>:0 
  at UnityEditor.EditorAssemblies.ProcessInitializeOnLoadMethodAttributes () [0x000a5] in <63965ae56af7489797f355b7c1211ab2>:0 
UnityEngine.StackTraceUtility:ExtractStackTrace ()
UnityEngine.DebugLogHandler:LogFormat (UnityEngine.LogType,UnityEngine.Object,string,object[])
UnityEngine.Logger:Log (UnityEngine.LogType,object)
UnityEngine.Debug:LogError (object)
UnityEditor.EditorAssemblies:ProcessInitializeOnLoadMethodAttributes ()

Mono: successfully reloaded assembly
- Completed reload, in  1.281 seconds
Domain Reload Profiling:
	ReloadAssembly (1281ms)
		BeginReloadAssembly (129ms)
			ExecutionOrderSort (0ms)
			DisableScriptedObjects (7ms)
			BackupInstance (0ms)
			ReleaseScriptingObjects (0ms)
			CreateAndSetChildDomain (40ms)
		EndReloadAssembly (1051ms)
			LoadAssemblies (83ms)
			RebuildTransferFunctionScriptingTraits (0ms)
			SetupTypeCache (325ms)
			ReleaseScriptCaches (2ms)
			RebuildScriptCaches (44ms)
			SetupLoadedEditorAssemblies (479ms)
				LogAssemblyErrors (0ms)
				InitializePlatformSupportModulesInManaged (12ms)
				SetLoadedEditorAssemblies (1ms)
				RefreshPlugins (2ms)
				BeforeProcessingInitializeOnLoad (89ms)
				ProcessInitializeOnLoadAttributes (289ms)
				ProcessInitializeOnLoadMethodAttributes (79ms)
				AfterProcessingInitializeOnLoad (7ms)
				EditorAssembliesLoaded (0ms)
			ExecutionOrderSort2 (0ms)
			AwakeInstancesAfterBackupRestoration (21ms)
Platform modules already initialized, skipping
Refreshing native plugins compatible for Editor in 6.06 ms, found 13 plugins.
Preloading 1 native plugins for Editor in 0.06 ms.
Unloading 5847 Unused Serialized files (Serialized files now loaded: 0)
Unloading 49 unused Assets / (309.9 KB). Loaded Objects now: 6566.
Memory consumption went from 243.2 MB to 242.9 MB.
Total: 3.883100 ms (FindLiveObjects: 0.399900 ms CreateObjectMapping: 0.431100 ms MarkObjects: 2.988300 ms  DeleteObjects: 0.063200 ms)

AssetImportParameters requested are different than current active one (requested -> active):
  custom:video-decoder-ogg-theora: a1e56fd34408186e4bbccfd4996cb3dc -> 
  custom:container-muxer-webm: aa71ff27fc2769a1b78a27578f13a17b -> 
  custom:container-demuxer-webm: 4f35f7cbe854078d1ac9338744f61a02 -> 
  custom:video-encoder-webm-vp8: eb34c28f22e8b96e1ab97ce403110664 -> 
  custom:audio-encoder-webm-vorbis: bf7c407c2cedff20999df2af8eb42d56 -> 
  custom:framework-win-MediaFoundation: 216162199b28c13a410421893ffa2e32 -> 
  custom:container-demuxer-ogg: 62fdf1f143b41e24485cea50d1cbac27 -> 
  custom:video-decoder-webm-vp8: 9c59270c3fd7afecdb556c50c9e8de78 -> 
  custom:audio-decoder-ogg-vorbis: bf7c407c2cedff20999df2af8eb42d56 -> 
========================================================================
Received Prepare
Registering precompiled user dll's ...
Registered in 0.010269 seconds.
Begin MonoManager ReloadAssembly
Symbol file LoadedFromMemory doesn't match image C:\RepositorioVR\ProjectY\Library\PackageCache\com.unity.visualscripting@1.7.8\Editor\VisualScripting.Core\Dependencies\DotNetZip\Unity.VisualScripting.IonicZip.dll
Symbol file LoadedFromMemory doesn't match image C:\RepositorioVR\ProjectY\Library\PackageCache\com.unity.visualscripting@1.7.8\Editor\VisualScripting.Core\Dependencies\YamlDotNet\Unity.VisualScripting.YamlDotNet.dll
Native extension for WindowsStandalone target not found
Refreshing native plugins compatible for Editor in 1.20 ms, found 13 plugins.
Preloading 1 native plugins for Editor in 0.08 ms.
System.Reflection.TargetInvocationException: Exception has been thrown by the target of an invocation. ---> System.NullReferenceException: Object reference not set to an instance of an object
  at Unity.XR.Oculus.OculusLoader.AssetPathToAbsolutePath (System.String assetPath) [0x0003d] in C:\RepositorioVR\ProjectY\Library\PackageCache\com.unity.xr.oculus@3.2.2\Runtime\OculusLoader.cs:296 
  at Unity.XR.Oculus.OculusLoader.EditorLoadOVRPlugin () [0x0007b] in C:\RepositorioVR\ProjectY\Library\PackageCache\com.unity.xr.oculus@3.2.2\Runtime\OculusLoader.cs:281 
  at (wrapper managed-to-native) System.Reflection.RuntimeMethodInfo.InternalInvoke(System.Reflection.RuntimeMethodInfo,object,object[],System.Exception&)
  at System.Reflection.RuntimeMethodInfo.Invoke (System.Object obj, System.Reflection.BindingFlags invokeAttr, System.Reflection.Binder binder, System.Object[] parameters, System.Globalization.CultureInfo culture) [0x0006a] in <d6232873609549b8a045fa15811a5bd3>:0 
   --- End of inner exception stack trace ---
  at System.Reflection.RuntimeMethodInfo.Invoke (System.Object obj, System.Reflection.BindingFlags invokeAttr, System.Reflection.Binder binder, System.Object[] parameters, System.Globalization.CultureInfo culture) [0x00083] in <d6232873609549b8a045fa15811a5bd3>:0 
  at System.Reflection.MethodBase.Invoke (System.Object obj, System.Object[] parameters) [0x00000] in <d6232873609549b8a045fa15811a5bd3>:0 
  at UnityEditor.EditorAssemblies.ProcessInitializeOnLoadMethodAttributes () [0x000a5] in <63965ae56af7489797f355b7c1211ab2>:0 
UnityEngine.StackTraceUtility:ExtractStackTrace ()
UnityEngine.DebugLogHandler:LogFormat (UnityEngine.LogType,UnityEngine.Object,string,object[])
UnityEngine.Logger:Log (UnityEngine.LogType,object)
UnityEngine.Debug:LogError (object)
UnityEditor.EditorAssemblies:ProcessInitializeOnLoadMethodAttributes ()

Mono: successfully reloaded assembly
- Completed reload, in  1.164 seconds
Domain Reload Profiling:
	ReloadAssembly (1165ms)
		BeginReloadAssembly (125ms)
			ExecutionOrderSort (0ms)
			DisableScriptedObjects (4ms)
			BackupInstance (0ms)
			ReleaseScriptingObjects (0ms)
			CreateAndSetChildDomain (40ms)
		EndReloadAssembly (948ms)
			LoadAssemblies (82ms)
			RebuildTransferFunctionScriptingTraits (0ms)
			SetupTypeCache (280ms)
			ReleaseScriptCaches (1ms)
			RebuildScriptCaches (44ms)
			SetupLoadedEditorAssemblies (460ms)
				LogAssemblyErrors (0ms)
				InitializePlatformSupportModulesInManaged (11ms)
				SetLoadedEditorAssemblies (0ms)
				RefreshPlugins (1ms)
				BeforeProcessingInitializeOnLoad (88ms)
				ProcessInitializeOnLoadAttributes (267ms)
				ProcessInitializeOnLoadMethodAttributes (86ms)
				AfterProcessingInitializeOnLoad (6ms)
				EditorAssembliesLoaded (0ms)
			ExecutionOrderSort2 (0ms)
			AwakeInstancesAfterBackupRestoration (18ms)
Platform modules already initialized, skipping
Refreshing native plugins compatible for Editor in 4.98 ms, found 13 plugins.
Preloading 1 native plugins for Editor in 0.06 ms.
Unloading 5847 Unused Serialized files (Serialized files now loaded: 0)
Unloading 49 unused Assets / (311.9 KB). Loaded Objects now: 6570.
Memory consumption went from 243.2 MB to 242.9 MB.
Total: 3.595400 ms (FindLiveObjects: 0.396300 ms CreateObjectMapping: 0.511600 ms MarkObjects: 2.620500 ms  DeleteObjects: 0.066100 ms)

AssetImportParameters requested are different than current active one (requested -> active):
  custom:video-decoder-ogg-theora: a1e56fd34408186e4bbccfd4996cb3dc -> 
  custom:container-muxer-webm: aa71ff27fc2769a1b78a27578f13a17b -> 
  custom:container-demuxer-webm: 4f35f7cbe854078d1ac9338744f61a02 -> 
  custom:video-encoder-webm-vp8: eb34c28f22e8b96e1ab97ce403110664 -> 
  custom:audio-encoder-webm-vorbis: bf7c407c2cedff20999df2af8eb42d56 -> 
  custom:framework-win-MediaFoundation: 216162199b28c13a410421893ffa2e32 -> 
  custom:container-demuxer-ogg: 62fdf1f143b41e24485cea50d1cbac27 -> 
  custom:video-decoder-webm-vp8: 9c59270c3fd7afecdb556c50c9e8de78 -> 
  custom:audio-decoder-ogg-vorbis: bf7c407c2cedff20999df2af8eb42d56 -> 
========================================================================
Received Import Request.
  Time since last request: 113.486177 seconds.
  path: Assets/Textures/inst_GIF/SHOO_2.png
  artifactKey: Guid(c6add470430ea30409ec5995ccb9020c) Importer(815301076,1909f56bfc062723c751e8b465ee728b)
Start importing Assets/Textures/inst_GIF/SHOO_2.png using Guid(c6add470430ea30409ec5995ccb9020c) Importer(815301076,1909f56bfc062723c751e8b465ee728b)  -> (artifact id: '2ec581ccea2c068b2ca90ba732183ce3') in 0.062277 seconds 
========================================================================
Received Import Request.
  Time since last request: 6.484187 seconds.
  path: Assets/Textures/inst_GIF/SKEE_1.png
  artifactKey: Guid(d5d1137acfc455849aa02b3b96084ede) Importer(815301076,1909f56bfc062723c751e8b465ee728b)
Start importing Assets/Textures/inst_GIF/SKEE_1.png using Guid(d5d1137acfc455849aa02b3b96084ede) Importer(815301076,1909f56bfc062723c751e8b465ee728b)  -> (artifact id: '935464ad0ea151746d879ca685e2ac46') in 0.013324 seconds 
========================================================================
Received Import Request.
  Time since last request: 0.010513 seconds.
  path: Assets/Textures/inst_GIF/SKEE_2.png
  artifactKey: Guid(345585eedaf71da4fac47f35ce159731) Importer(815301076,1909f56bfc062723c751e8b465ee728b)
Start importing Assets/Textures/inst_GIF/SKEE_2.png using Guid(345585eedaf71da4fac47f35ce159731) Importer(815301076,1909f56bfc062723c751e8b465ee728b)  -> (artifact id: 'e9707e60025821f2eac6b264a985e513') in 0.021186 seconds 
========================================================================
Received Import Request.
  Time since last request: 0.000029 seconds.
  path: Assets/Textures/inst_GIF/SKEE_6.png
  artifactKey: Guid(934e94da19ecc9242b336d21bc38cf51) Importer(815301076,1909f56bfc062723c751e8b465ee728b)
Start importing Assets/Textures/inst_GIF/SKEE_6.png using Guid(934e94da19ecc9242b336d21bc38cf51) Importer(815301076,1909f56bfc062723c751e8b465ee728b)  -> (artifact id: 'fc9f94915c9b17ec8cf1d542a15db5f1') in 0.023068 seconds 
========================================================================
Received Import Request.
  Time since last request: 0.000034 seconds.
  path: Assets/Textures/inst_GIF/SKEE_5.png
  artifactKey: Guid(432ff7fa3c444a445a01d19eb1a8671a) Importer(815301076,1909f56bfc062723c751e8b465ee728b)
Start importing Assets/Textures/inst_GIF/SKEE_5.png using Guid(432ff7fa3c444a445a01d19eb1a8671a) Importer(815301076,1909f56bfc062723c751e8b465ee728b)  -> (artifact id: '539a8a6db647b92aaff213ed36d7d1b1') in 0.015220 seconds 
========================================================================
Received Import Request.
  Time since last request: 53.229566 seconds.
  path: Assets/Textures/inst_GIF/CANS_2.png
  artifactKey: Guid(af7450785c27e834086507f6c21d800c) Importer(815301076,1909f56bfc062723c751e8b465ee728b)
Start importing Assets/Textures/inst_GIF/CANS_2.png using Guid(af7450785c27e834086507f6c21d800c) Importer(815301076,1909f56bfc062723c751e8b465ee728b)  -> (artifact id: 'f93ddaf44f7e0e03fe7c480c5116f5c4') in 0.128058 seconds 
Editor requested this worker to shutdown with reason: Scaling down because of idle timeout
AssetImportWorker is now disconnected from the server
Process exiting
Exiting without the bug reporter. Application will terminate with return code 0