Using pre-set license
Built from '2021.3/staging' branch; Version is '2021.3.15f1 (e8e88683f834) revision 15263878'; Using compiler version '192829333'; Build Type 'Release'
OS: 'Windows 10  (10.0.19045) 64bit Enterprise' Language: 'es' Physical Memory: 32621 MB
BatchMode: 1, IsHumanControllingUs: 0, StartBugReporterOnCrash: 0, Is64bit: 1, IsPro: 1

COMMAND LINE ARGUMENTS:
C:\Program Files\Unity 2021.3.15f1\Editor\Unity.exe
-adb2
-batchMode
-noUpm
-name
AssetImportWorker12
-projectPath
C:/RepositorioVR/ProjectY
-logFile
Logs/AssetImportWorker12.log
-srvPort
49812
Successfully changed project path to: C:/RepositorioVR/ProjectY
C:/RepositorioVR/ProjectY
[UnityMemory] Configuration Parameters - Can be set up in boot.config
    "memorysetup-bucket-allocator-granularity=16"
    "memorysetup-bucket-allocator-bucket-count=8"
    "memorysetup-bucket-allocator-block-size=33554432"
    "memorysetup-bucket-allocator-block-count=8"
    "memorysetup-main-allocator-block-size=16777216"
    "memorysetup-thread-allocator-block-size=16777216"
    "memorysetup-gfx-main-allocator-block-size=16777216"
    "memorysetup-gfx-thread-allocator-block-size=16777216"
    "memorysetup-cache-allocator-block-size=4194304"
    "memorysetup-typetree-allocator-block-size=2097152"
    "memorysetup-profiler-bucket-allocator-granularity=16"
    "memorysetup-profiler-bucket-allocator-bucket-count=8"
    "memorysetup-profiler-bucket-allocator-block-size=33554432"
    "memorysetup-profiler-bucket-allocator-block-count=8"
    "memorysetup-profiler-allocator-block-size=16777216"
    "memorysetup-profiler-editor-allocator-block-size=1048576"
    "memorysetup-temp-allocator-size-main=16777216"
    "memorysetup-job-temp-allocator-block-size=2097152"
    "memorysetup-job-temp-allocator-block-size-background=1048576"
    "memorysetup-job-temp-allocator-reduction-small-platforms=262144"
    "memorysetup-temp-allocator-size-background-worker=32768"
    "memorysetup-temp-allocator-size-job-worker=262144"
    "memorysetup-temp-allocator-size-preload-manager=33554432"
    "memorysetup-temp-allocator-size-nav-mesh-worker=65536"
    "memorysetup-temp-allocator-size-audio-worker=65536"
    "memorysetup-temp-allocator-size-cloud-worker=32768"
    "memorysetup-temp-allocator-size-gi-baking-worker=262144"
    "memorysetup-temp-allocator-size-gfx=262144"
Player connection [20332] Host "[IP] 192.168.25.58 [Port] 0 [Flags] 2 [Guid] 4185767787 [EditorId] 4185767787 [Version] 1048832 [Id] WindowsEditor(7,D011-21) [Debug] 1 [PackageName] WindowsEditor [ProjectName] Editor" joined multi-casting on [225.0.0.222:54997]...

Player connection [20332] Host "[IP] 192.168.25.58 [Port] 0 [Flags] 2 [Guid] 4185767787 [EditorId] 4185767787 [Version] 1048832 [Id] WindowsEditor(7,D011-21) [Debug] 1 [PackageName] WindowsEditor [ProjectName] Editor" joined alternative multi-casting on [225.0.0.222:34997]...

Refreshing native plugins compatible for Editor in 116.62 ms, found 13 plugins.
Preloading 1 native plugins for Editor in 0.39 ms.
Initialize engine version: 2021.3.15f1 (e8e88683f834)
[Subsystems] Discovering subsystems at path C:/Program Files/Unity 2021.3.15f1/Editor/Data/Resources/UnitySubsystems
[Subsystems] Discovering subsystems at path C:/RepositorioVR/ProjectY/Assets
GfxDevice: creating device client; threaded=0; jobified=0
Direct3D:
    Version:  Direct3D 11.0 [level 11.1]
    Renderer: NVIDIA GeForce RTX 2060 (ID=0x1f08)
    Vendor:   NVIDIA
    VRAM:     5980 MB
    Driver:   31.0.15.1740
Initialize mono
Mono path[0] = 'C:/Program Files/Unity 2021.3.15f1/Editor/Data/Managed'
Mono path[1] = 'C:/Program Files/Unity 2021.3.15f1/Editor/Data/MonoBleedingEdge/lib/mono/unityjit-win32'
Mono config path = 'C:/Program Files/Unity 2021.3.15f1/Editor/Data/MonoBleedingEdge/etc'
Using monoOptions --debugger-agent=transport=dt_socket,embedding=1,server=y,suspend=n,address=127.0.0.1:56656
Begin MonoManager ReloadAssembly
Registering precompiled unity dll's ...
Register platform support module: C:/Program Files/Unity 2021.3.15f1/Editor/Data/PlaybackEngines/WindowsStandaloneSupport/UnityEditor.WindowsStandalone.Extensions.dll
Registered in 0.003661 seconds.
Native extension for WindowsStandalone target not found
Refreshing native plugins compatible for Editor in 113.08 ms, found 13 plugins.
Preloading 1 native plugins for Editor in 0.07 ms.
Mono: successfully reloaded assembly
- Completed reload, in  0.578 seconds
Domain Reload Profiling:
	ReloadAssembly (579ms)
		BeginReloadAssembly (57ms)
			ExecutionOrderSort (0ms)
			DisableScriptedObjects (0ms)
			BackupInstance (0ms)
			ReleaseScriptingObjects (0ms)
			CreateAndSetChildDomain (1ms)
		EndReloadAssembly (428ms)
			LoadAssemblies (56ms)
			RebuildTransferFunctionScriptingTraits (0ms)
			SetupTypeCache (89ms)
			ReleaseScriptCaches (0ms)
			RebuildScriptCaches (22ms)
			SetupLoadedEditorAssemblies (271ms)
				LogAssemblyErrors (0ms)
				InitializePlatformSupportModulesInManaged (6ms)
				SetLoadedEditorAssemblies (0ms)
				RefreshPlugins (113ms)
				BeforeProcessingInitializeOnLoad (1ms)
				ProcessInitializeOnLoadAttributes (114ms)
				ProcessInitializeOnLoadMethodAttributes (36ms)
				AfterProcessingInitializeOnLoad (0ms)
				EditorAssembliesLoaded (0ms)
			ExecutionOrderSort2 (0ms)
			AwakeInstancesAfterBackupRestoration (0ms)
Platform modules already initialized, skipping
Registering precompiled user dll's ...
Registered in 0.009573 seconds.
Begin MonoManager ReloadAssembly
Symbol file LoadedFromMemory doesn't match image C:\RepositorioVR\ProjectY\Library\PackageCache\com.unity.visualscripting@1.7.8\Editor\VisualScripting.Core\Dependencies\DotNetZip\Unity.VisualScripting.IonicZip.dll
Symbol file LoadedFromMemory doesn't match image C:\RepositorioVR\ProjectY\Library\PackageCache\com.unity.visualscripting@1.7.8\Editor\VisualScripting.Core\Dependencies\YamlDotNet\Unity.VisualScripting.YamlDotNet.dll
Native extension for WindowsStandalone target not found
Refreshing native plugins compatible for Editor in 111.91 ms, found 13 plugins.
Preloading 1 native plugins for Editor in 0.06 ms.
Package Manager log level set to [2]
System.Reflection.TargetInvocationException: Exception has been thrown by the target of an invocation. ---> System.NullReferenceException: Object reference not set to an instance of an object
  at Unity.XR.Oculus.OculusLoader.AssetPathToAbsolutePath (System.String assetPath) [0x0003d] in C:\RepositorioVR\ProjectY\Library\PackageCache\com.unity.xr.oculus@3.2.2\Runtime\OculusLoader.cs:296 
  at Unity.XR.Oculus.OculusLoader.EditorLoadOVRPlugin () [0x0007b] in C:\RepositorioVR\ProjectY\Library\PackageCache\com.unity.xr.oculus@3.2.2\Runtime\OculusLoader.cs:281 
  at (wrapper managed-to-native) System.Reflection.RuntimeMethodInfo.InternalInvoke(System.Reflection.RuntimeMethodInfo,object,object[],System.Exception&)
  at System.Reflection.RuntimeMethodInfo.Invoke (System.Object obj, System.Reflection.BindingFlags invokeAttr, System.Reflection.Binder binder, System.Object[] parameters, System.Globalization.CultureInfo culture) [0x0006a] in <d6232873609549b8a045fa15811a5bd3>:0 
   --- End of inner exception stack trace ---
  at System.Reflection.RuntimeMethodInfo.Invoke (System.Object obj, System.Reflection.BindingFlags invokeAttr, System.Reflection.Binder binder, System.Object[] parameters, System.Globalization.CultureInfo culture) [0x00083] in <d6232873609549b8a045fa15811a5bd3>:0 
  at System.Reflection.MethodBase.Invoke (System.Object obj, System.Object[] parameters) [0x00000] in <d6232873609549b8a045fa15811a5bd3>:0 
  at UnityEditor.EditorAssemblies.ProcessInitializeOnLoadMethodAttributes () [0x000a5] in <63965ae56af7489797f355b7c1211ab2>:0 
UnityEngine.StackTraceUtility:ExtractStackTrace ()
UnityEngine.DebugLogHandler:LogFormat (UnityEngine.LogType,UnityEngine.Object,string,object[])
UnityEngine.Logger:Log (UnityEngine.LogType,object)
UnityEngine.Debug:LogError (object)
UnityEditor.EditorAssemblies:ProcessInitializeOnLoadMethodAttributes ()

Mono: successfully reloaded assembly
- Completed reload, in  1.264 seconds
Domain Reload Profiling:
	ReloadAssembly (1265ms)
		BeginReloadAssembly (89ms)
			ExecutionOrderSort (0ms)
			DisableScriptedObjects (5ms)
			BackupInstance (0ms)
			ReleaseScriptingObjects (0ms)
			CreateAndSetChildDomain (15ms)
		EndReloadAssembly (1077ms)
			LoadAssemblies (74ms)
			RebuildTransferFunctionScriptingTraits (0ms)
			SetupTypeCache (246ms)
			ReleaseScriptCaches (1ms)
			RebuildScriptCaches (59ms)
			SetupLoadedEditorAssemblies (659ms)
				LogAssemblyErrors (0ms)
				InitializePlatformSupportModulesInManaged (3ms)
				SetLoadedEditorAssemblies (0ms)
				RefreshPlugins (112ms)
				BeforeProcessingInitializeOnLoad (113ms)
				ProcessInitializeOnLoadAttributes (349ms)
				ProcessInitializeOnLoadMethodAttributes (76ms)
				AfterProcessingInitializeOnLoad (6ms)
				EditorAssembliesLoaded (0ms)
			ExecutionOrderSort2 (0ms)
			AwakeInstancesAfterBackupRestoration (4ms)
Platform modules already initialized, skipping
========================================================================
Worker process is ready to serve import requests
Launched and connected shader compiler UnityShaderCompiler.exe after 0.03 seconds
Refreshing native plugins compatible for Editor in 1.04 ms, found 13 plugins.
Preloading 1 native plugins for Editor in 0.07 ms.
Unloading 6008 Unused Serialized files (Serialized files now loaded: 0)
Unloading 59 unused Assets / (355.1 KB). Loaded Objects now: 6456.
Memory consumption went from 236.8 MB to 236.4 MB.
Total: 3.448700 ms (FindLiveObjects: 0.397600 ms CreateObjectMapping: 0.429800 ms MarkObjects: 2.439900 ms  DeleteObjects: 0.180500 ms)

AssetImportParameters requested are different than current active one (requested -> active):
  custom:video-decoder-ogg-theora: a1e56fd34408186e4bbccfd4996cb3dc -> 
  custom:container-muxer-webm: aa71ff27fc2769a1b78a27578f13a17b -> 
  custom:container-demuxer-webm: 4f35f7cbe854078d1ac9338744f61a02 -> 
  custom:video-encoder-webm-vp8: eb34c28f22e8b96e1ab97ce403110664 -> 
  custom:audio-encoder-webm-vorbis: bf7c407c2cedff20999df2af8eb42d56 -> 
  custom:framework-win-MediaFoundation: 216162199b28c13a410421893ffa2e32 -> 
  custom:container-demuxer-ogg: 62fdf1f143b41e24485cea50d1cbac27 -> 
  custom:video-decoder-webm-vp8: 9c59270c3fd7afecdb556c50c9e8de78 -> 
  custom:audio-decoder-ogg-vorbis: bf7c407c2cedff20999df2af8eb42d56 -> 
========================================================================
Received Import Request.
  Time since last request: 509955.262891 seconds.
  path: Assets/Textures/inst_GIF/CANS_1.png
  artifactKey: Guid(15983619a9d87044f89bc4ddb21aaae1) Importer(815301076,1909f56bfc062723c751e8b465ee728b)
Start importing Assets/Textures/inst_GIF/CANS_1.png using Guid(15983619a9d87044f89bc4ddb21aaae1) Importer(815301076,1909f56bfc062723c751e8b465ee728b)  -> (artifact id: '008a3836e5a035cac0d13aa86d968410') in 0.223867 seconds 
========================================================================
Received Import Request.
  Time since last request: 138.275678 seconds.
  path: Assets/Textures/inst_GIF/SHOO_2.png
  artifactKey: Guid(c6add470430ea30409ec5995ccb9020c) Importer(815301076,1909f56bfc062723c751e8b465ee728b)
Start importing Assets/Textures/inst_GIF/SHOO_2.png using Guid(c6add470430ea30409ec5995ccb9020c) Importer(815301076,1909f56bfc062723c751e8b465ee728b)  -> (artifact id: '1c7d2d4c75c186912d4699c1b0ecaa49') in 0.117722 seconds 
========================================================================
Received Import Request.
  Time since last request: 25.107491 seconds.
  path: Assets/Textures/inst_GIF/SKEE_1.png
  artifactKey: Guid(d5d1137acfc455849aa02b3b96084ede) Importer(815301076,1909f56bfc062723c751e8b465ee728b)
Start importing Assets/Textures/inst_GIF/SKEE_1.png using Guid(d5d1137acfc455849aa02b3b96084ede) Importer(815301076,1909f56bfc062723c751e8b465ee728b)  -> (artifact id: 'c2a20143e62d35b65f81b5e91afe364b') in 0.117119 seconds 
========================================================================
Received Import Request.
  Time since last request: 0.000030 seconds.
  path: Assets/Textures/inst_GIF/SKEE_6.png
  artifactKey: Guid(934e94da19ecc9242b336d21bc38cf51) Importer(815301076,1909f56bfc062723c751e8b465ee728b)
Start importing Assets/Textures/inst_GIF/SKEE_6.png using Guid(934e94da19ecc9242b336d21bc38cf51) Importer(815301076,1909f56bfc062723c751e8b465ee728b)  -> (artifact id: '9bfda5467741adfee54e8758c7a6f365') in 0.119333 seconds 
========================================================================
Received Import Request.
  Time since last request: 0.000041 seconds.
  path: Assets/Textures/inst_GIF/SKEE_5.png
  artifactKey: Guid(432ff7fa3c444a445a01d19eb1a8671a) Importer(815301076,1909f56bfc062723c751e8b465ee728b)
Start importing Assets/Textures/inst_GIF/SKEE_5.png using Guid(432ff7fa3c444a445a01d19eb1a8671a) Importer(815301076,1909f56bfc062723c751e8b465ee728b)  -> (artifact id: '6f6317543e5469693dca5d5304aff52f') in 0.116221 seconds 
========================================================================
Received Import Request.
  Time since last request: 44.772553 seconds.
  path: Assets/Animations/SKEE_1.controller
  artifactKey: Guid(bd55196096ff2b64ea31e527f8038813) Importer(815301076,1909f56bfc062723c751e8b465ee728b)
Start importing Assets/Animations/SKEE_1.controller using Guid(bd55196096ff2b64ea31e527f8038813) Importer(815301076,1909f56bfc062723c751e8b465ee728b)  -> (artifact id: 'df660c9c11c1ffe0832b2e40b236c2ef') in 0.005482 seconds 
========================================================================
Received Import Request.
  Time since last request: 1825.054215 seconds.
  path: Assets/Models/shooter_mdl/Tempo_LP.fbx
  artifactKey: Guid(4b7e42dedcaa7f941adf4af2547d3d8d) Importer(815301076,1909f56bfc062723c751e8b465ee728b)
Start importing Assets/Models/shooter_mdl/Tempo_LP.fbx using Guid(4b7e42dedcaa7f941adf4af2547d3d8d) Importer(815301076,1909f56bfc062723c751e8b465ee728b)  -> (artifact id: '17b623daff478b9898c15f095410551c') in 0.210597 seconds 
========================================================================
Received Import Request.
  Time since last request: 245.151821 seconds.
  path: Assets/Textures/shooter_tx
  artifactKey: Guid(1485dc75af2d3ce49a7228c179b9ac17) Importer(815301076,1909f56bfc062723c751e8b465ee728b)
Start importing Assets/Textures/shooter_tx using Guid(1485dc75af2d3ce49a7228c179b9ac17) Importer(815301076,1909f56bfc062723c751e8b465ee728b)  -> (artifact id: '7e4ce9349d3d9ac8c3d683472fca8526') in 0.006128 seconds 
========================================================================
Received Import Request.
  Time since last request: 7.308752 seconds.
  path: Assets/Textures/shooter_tx/Tempo_LP_lambert2_BaseMap.png
  artifactKey: Guid(190718178dd4aba41ba2ec6c6ba7baf8) Importer(815301076,1909f56bfc062723c751e8b465ee728b)
Start importing Assets/Textures/shooter_tx/Tempo_LP_lambert2_BaseMap.png using Guid(190718178dd4aba41ba2ec6c6ba7baf8) Importer(815301076,1909f56bfc062723c751e8b465ee728b)  -> (artifact id: '5c4f9824fcc2353304c5eae49a462b4a') in 0.014172 seconds 
========================================================================
Received Import Request.
  Time since last request: 0.000027 seconds.
  path: Assets/Textures/shooter_tx/Tempo_LP_lambert2_MaskMap.png
  artifactKey: Guid(590c2f1e8450c9f4caf9651d3043eef1) Importer(815301076,1909f56bfc062723c751e8b465ee728b)
Start importing Assets/Textures/shooter_tx/Tempo_LP_lambert2_MaskMap.png using Guid(590c2f1e8450c9f4caf9651d3043eef1) Importer(815301076,1909f56bfc062723c751e8b465ee728b)  -> (artifact id: 'f47128f24c65a2503d63187e88b94a87') in 0.013011 seconds 
========================================================================
Received Import Request.
  Time since last request: 0.000029 seconds.
  path: Assets/Textures/shooter_tx/Tempo_LP_lambert2_Normal.png
  artifactKey: Guid(8262b3a6171b7424fb21d3c7231cf464) Importer(815301076,1909f56bfc062723c751e8b465ee728b)
Start importing Assets/Textures/shooter_tx/Tempo_LP_lambert2_Normal.png using Guid(8262b3a6171b7424fb21d3c7231cf464) Importer(815301076,1909f56bfc062723c751e8b465ee728b)  -> (artifact id: 'de5adbbdcedb5ec5725f5321a3abe70b') in 0.011739 seconds 
========================================================================
Received Import Request.
  Time since last request: 79.449421 seconds.
  path: Assets/Textures/Floor_tx/NewLayer 1.terrainlayer
  artifactKey: Guid(a1c12154c64a0ac429284d47f97b1176) Importer(815301076,1909f56bfc062723c751e8b465ee728b)
Start importing Assets/Textures/Floor_tx/NewLayer 1.terrainlayer using Guid(a1c12154c64a0ac429284d47f97b1176) Importer(815301076,1909f56bfc062723c751e8b465ee728b)  -> (artifact id: '0f52e104b64d3492a62846059a97d73c') in 0.021325 seconds 
========================================================================
Received Import Request.
  Time since last request: 98.439989 seconds.
  path: Assets/Textures/shooter_tx/Tempo_LP_lambert2_Normal.png
  artifactKey: Guid(8262b3a6171b7424fb21d3c7231cf464) Importer(815301076,1909f56bfc062723c751e8b465ee728b)
Start importing Assets/Textures/shooter_tx/Tempo_LP_lambert2_Normal.png using Guid(8262b3a6171b7424fb21d3c7231cf464) Importer(815301076,1909f56bfc062723c751e8b465ee728b)  -> (artifact id: '2085748298dca1c9c2fe655d37d5e715') in 0.012739 seconds 
========================================================================
Received Import Request.
  Time since last request: 92.853985 seconds.
  path: Assets/Materials/PropMaterials/shooter_mtl/templeArc_mtl.mat
  artifactKey: Guid(f22b642fd0810cb45966cf863ccf60ab) Importer(815301076,1909f56bfc062723c751e8b465ee728b)
Start importing Assets/Materials/PropMaterials/shooter_mtl/templeArc_mtl.mat using Guid(f22b642fd0810cb45966cf863ccf60ab) Importer(815301076,1909f56bfc062723c751e8b465ee728b)  -> (artifact id: '9bec42f72e5a330fd1113622c8f4cdf7') in 0.035540 seconds 
========================================================================
Received Prepare
Registering precompiled user dll's ...
Registered in 0.010801 seconds.
Begin MonoManager ReloadAssembly
Symbol file LoadedFromMemory doesn't match image C:\RepositorioVR\ProjectY\Library\PackageCache\com.unity.visualscripting@1.7.8\Editor\VisualScripting.Core\Dependencies\DotNetZip\Unity.VisualScripting.IonicZip.dll
Symbol file LoadedFromMemory doesn't match image C:\RepositorioVR\ProjectY\Library\PackageCache\com.unity.visualscripting@1.7.8\Editor\VisualScripting.Core\Dependencies\YamlDotNet\Unity.VisualScripting.YamlDotNet.dll
Native extension for WindowsStandalone target not found
Refreshing native plugins compatible for Editor in 1.26 ms, found 13 plugins.
Preloading 1 native plugins for Editor in 0.08 ms.
System.Reflection.TargetInvocationException: Exception has been thrown by the target of an invocation. ---> System.NullReferenceException: Object reference not set to an instance of an object
  at Unity.XR.Oculus.OculusLoader.AssetPathToAbsolutePath (System.String assetPath) [0x0003d] in C:\RepositorioVR\ProjectY\Library\PackageCache\com.unity.xr.oculus@3.2.2\Runtime\OculusLoader.cs:296 
  at Unity.XR.Oculus.OculusLoader.EditorLoadOVRPlugin () [0x0007b] in C:\RepositorioVR\ProjectY\Library\PackageCache\com.unity.xr.oculus@3.2.2\Runtime\OculusLoader.cs:281 
  at (wrapper managed-to-native) System.Reflection.RuntimeMethodInfo.InternalInvoke(System.Reflection.RuntimeMethodInfo,object,object[],System.Exception&)
  at System.Reflection.RuntimeMethodInfo.Invoke (System.Object obj, System.Reflection.BindingFlags invokeAttr, System.Reflection.Binder binder, System.Object[] parameters, System.Globalization.CultureInfo culture) [0x0006a] in <d6232873609549b8a045fa15811a5bd3>:0 
   --- End of inner exception stack trace ---
  at System.Reflection.RuntimeMethodInfo.Invoke (System.Object obj, System.Reflection.BindingFlags invokeAttr, System.Reflection.Binder binder, System.Object[] parameters, System.Globalization.CultureInfo culture) [0x00083] in <d6232873609549b8a045fa15811a5bd3>:0 
  at System.Reflection.MethodBase.Invoke (System.Object obj, System.Object[] parameters) [0x00000] in <d6232873609549b8a045fa15811a5bd3>:0 
  at UnityEditor.EditorAssemblies.ProcessInitializeOnLoadMethodAttributes () [0x000a5] in <63965ae56af7489797f355b7c1211ab2>:0 
UnityEngine.StackTraceUtility:ExtractStackTrace ()
UnityEngine.DebugLogHandler:LogFormat (UnityEngine.LogType,UnityEngine.Object,string,object[])
UnityEngine.Logger:Log (UnityEngine.LogType,object)
UnityEngine.Debug:LogError (object)
UnityEditor.EditorAssemblies:ProcessInitializeOnLoadMethodAttributes ()

Mono: successfully reloaded assembly
- Completed reload, in  1.194 seconds
Domain Reload Profiling:
	ReloadAssembly (1194ms)
		BeginReloadAssembly (139ms)
			ExecutionOrderSort (0ms)
			DisableScriptedObjects (8ms)
			BackupInstance (0ms)
			ReleaseScriptingObjects (0ms)
			CreateAndSetChildDomain (44ms)
		EndReloadAssembly (959ms)
			LoadAssemblies (89ms)
			RebuildTransferFunctionScriptingTraits (0ms)
			SetupTypeCache (279ms)
			ReleaseScriptCaches (2ms)
			RebuildScriptCaches (48ms)
			SetupLoadedEditorAssemblies (460ms)
				LogAssemblyErrors (0ms)
				InitializePlatformSupportModulesInManaged (11ms)
				SetLoadedEditorAssemblies (0ms)
				RefreshPlugins (1ms)
				BeforeProcessingInitializeOnLoad (86ms)
				ProcessInitializeOnLoadAttributes (274ms)
				ProcessInitializeOnLoadMethodAttributes (80ms)
				AfterProcessingInitializeOnLoad (7ms)
				EditorAssembliesLoaded (0ms)
			ExecutionOrderSort2 (0ms)
			AwakeInstancesAfterBackupRestoration (20ms)
Platform modules already initialized, skipping
Refreshing native plugins compatible for Editor in 5.29 ms, found 13 plugins.
Preloading 1 native plugins for Editor in 0.06 ms.
Unloading 5847 Unused Serialized files (Serialized files now loaded: 0)
Unloading 49 unused Assets / (309.8 KB). Loaded Objects now: 6564.
Memory consumption went from 243.3 MB to 242.9 MB.
Total: 3.157600 ms (FindLiveObjects: 0.455600 ms CreateObjectMapping: 0.348200 ms MarkObjects: 2.291300 ms  DeleteObjects: 0.061800 ms)

AssetImportParameters requested are different than current active one (requested -> active):
  custom:video-decoder-ogg-theora: a1e56fd34408186e4bbccfd4996cb3dc -> 
  custom:container-muxer-webm: aa71ff27fc2769a1b78a27578f13a17b -> 
  custom:container-demuxer-webm: 4f35f7cbe854078d1ac9338744f61a02 -> 
  custom:video-encoder-webm-vp8: eb34c28f22e8b96e1ab97ce403110664 -> 
  custom:audio-encoder-webm-vorbis: bf7c407c2cedff20999df2af8eb42d56 -> 
  custom:framework-win-MediaFoundation: 216162199b28c13a410421893ffa2e32 -> 
  custom:container-demuxer-ogg: 62fdf1f143b41e24485cea50d1cbac27 -> 
  custom:video-decoder-webm-vp8: 9c59270c3fd7afecdb556c50c9e8de78 -> 
  custom:audio-decoder-ogg-vorbis: bf7c407c2cedff20999df2af8eb42d56 -> 
