Using pre-set license
Built from '2021.3/staging' branch; Version is '2021.3.15f1 (e8e88683f834) revision 15263878'; Using compiler version '192829333'; Build Type 'Release'
OS: 'Windows 10  (10.0.19045) 64bit Enterprise' Language: 'es' Physical Memory: 32621 MB
BatchMode: 1, IsHumanControllingUs: 0, StartBugReporterOnCrash: 0, Is64bit: 1, IsPro: 1

COMMAND LINE ARGUMENTS:
C:\Program Files\Unity 2021.3.15f1\Editor\Unity.exe
-adb2
-batchMode
-noUpm
-name
AssetImportWorker0
-projectPath
C:/Users/GenisSuriol/Documents/ProjectY/ProjectY
-logFile
Logs/AssetImportWorker0.log
-srvPort
50299
Successfully changed project path to: C:/Users/GenisSuriol/Documents/ProjectY/ProjectY
C:/Users/GenisSuriol/Documents/ProjectY/ProjectY
[UnityMemory] Configuration Parameters - Can be set up in boot.config
    "memorysetup-bucket-allocator-granularity=16"
    "memorysetup-bucket-allocator-bucket-count=8"
    "memorysetup-bucket-allocator-block-size=33554432"
    "memorysetup-bucket-allocator-block-count=8"
    "memorysetup-main-allocator-block-size=16777216"
    "memorysetup-thread-allocator-block-size=16777216"
    "memorysetup-gfx-main-allocator-block-size=16777216"
    "memorysetup-gfx-thread-allocator-block-size=16777216"
    "memorysetup-cache-allocator-block-size=4194304"
    "memorysetup-typetree-allocator-block-size=2097152"
    "memorysetup-profiler-bucket-allocator-granularity=16"
    "memorysetup-profiler-bucket-allocator-bucket-count=8"
    "memorysetup-profiler-bucket-allocator-block-size=33554432"
    "memorysetup-profiler-bucket-allocator-block-count=8"
    "memorysetup-profiler-allocator-block-size=16777216"
    "memorysetup-profiler-editor-allocator-block-size=1048576"
    "memorysetup-temp-allocator-size-main=16777216"
    "memorysetup-job-temp-allocator-block-size=2097152"
    "memorysetup-job-temp-allocator-block-size-background=1048576"
    "memorysetup-job-temp-allocator-reduction-small-platforms=262144"
    "memorysetup-temp-allocator-size-background-worker=32768"
    "memorysetup-temp-allocator-size-job-worker=262144"
    "memorysetup-temp-allocator-size-preload-manager=33554432"
    "memorysetup-temp-allocator-size-nav-mesh-worker=65536"
    "memorysetup-temp-allocator-size-audio-worker=65536"
    "memorysetup-temp-allocator-size-cloud-worker=32768"
    "memorysetup-temp-allocator-size-gi-baking-worker=262144"
    "memorysetup-temp-allocator-size-gfx=262144"
Player connection [16684] Host "[IP] 192.168.25.57 [Port] 0 [Flags] 2 [Guid] 2551167942 [EditorId] 2551167942 [Version] 1048832 [Id] WindowsEditor(7,D009-21) [Debug] 1 [PackageName] WindowsEditor [ProjectName] Editor" joined multi-casting on [225.0.0.222:54997]...

Player connection [16684] Host "[IP] 192.168.25.57 [Port] 0 [Flags] 2 [Guid] 2551167942 [EditorId] 2551167942 [Version] 1048832 [Id] WindowsEditor(7,D009-21) [Debug] 1 [PackageName] WindowsEditor [ProjectName] Editor" joined alternative multi-casting on [225.0.0.222:34997]...

Refreshing native plugins compatible for Editor in 122.69 ms, found 13 plugins.
Preloading 1 native plugins for Editor in 0.38 ms.
Initialize engine version: 2021.3.15f1 (e8e88683f834)
[Subsystems] Discovering subsystems at path C:/Program Files/Unity 2021.3.15f1/Editor/Data/Resources/UnitySubsystems
[Subsystems] Discovering subsystems at path C:/Users/GenisSuriol/Documents/ProjectY/ProjectY/Assets
GfxDevice: creating device client; threaded=0; jobified=0
Direct3D:
    Version:  Direct3D 11.0 [level 11.1]
    Renderer: NVIDIA GeForce RTX 2060 (ID=0x1f08)
    Vendor:   NVIDIA
    VRAM:     5980 MB
    Driver:   31.0.15.1740
Initialize mono
Mono path[0] = 'C:/Program Files/Unity 2021.3.15f1/Editor/Data/Managed'
Mono path[1] = 'C:/Program Files/Unity 2021.3.15f1/Editor/Data/MonoBleedingEdge/lib/mono/unityjit-win32'
Mono config path = 'C:/Program Files/Unity 2021.3.15f1/Editor/Data/MonoBleedingEdge/etc'
Using monoOptions --debugger-agent=transport=dt_socket,embedding=1,server=y,suspend=n,address=127.0.0.1:56644
Begin MonoManager ReloadAssembly
Registering precompiled unity dll's ...
Register platform support module: C:/Program Files/Unity 2021.3.15f1/Editor/Data/PlaybackEngines/WindowsStandaloneSupport/UnityEditor.WindowsStandalone.Extensions.dll
Registered in 0.003900 seconds.
Native extension for WindowsStandalone target not found
Refreshing native plugins compatible for Editor in 109.81 ms, found 13 plugins.
Preloading 1 native plugins for Editor in 0.07 ms.
Mono: successfully reloaded assembly
- Completed reload, in  0.588 seconds
Domain Reload Profiling:
	ReloadAssembly (588ms)
		BeginReloadAssembly (70ms)
			ExecutionOrderSort (0ms)
			DisableScriptedObjects (0ms)
			BackupInstance (0ms)
			ReleaseScriptingObjects (0ms)
			CreateAndSetChildDomain (1ms)
		EndReloadAssembly (422ms)
			LoadAssemblies (68ms)
			RebuildTransferFunctionScriptingTraits (0ms)
			SetupTypeCache (86ms)
			ReleaseScriptCaches (0ms)
			RebuildScriptCaches (22ms)
			SetupLoadedEditorAssemblies (270ms)
				LogAssemblyErrors (0ms)
				InitializePlatformSupportModulesInManaged (6ms)
				SetLoadedEditorAssemblies (0ms)
				RefreshPlugins (110ms)
				BeforeProcessingInitializeOnLoad (1ms)
				ProcessInitializeOnLoadAttributes (113ms)
				ProcessInitializeOnLoadMethodAttributes (40ms)
				AfterProcessingInitializeOnLoad (0ms)
				EditorAssembliesLoaded (0ms)
			ExecutionOrderSort2 (0ms)
			AwakeInstancesAfterBackupRestoration (0ms)
Platform modules already initialized, skipping
Registering precompiled user dll's ...
Registered in 0.009531 seconds.
Begin MonoManager ReloadAssembly
Symbol file LoadedFromMemory doesn't match image C:\Users\GenisSuriol\Documents\ProjectY\ProjectY\Library\PackageCache\com.unity.visualscripting@1.7.8\Editor\VisualScripting.Core\Dependencies\DotNetZip\Unity.VisualScripting.IonicZip.dll
Symbol file LoadedFromMemory doesn't match image C:\Users\GenisSuriol\Documents\ProjectY\ProjectY\Library\PackageCache\com.unity.visualscripting@1.7.8\Editor\VisualScripting.Core\Dependencies\YamlDotNet\Unity.VisualScripting.YamlDotNet.dll
Native extension for WindowsStandalone target not found
Refreshing native plugins compatible for Editor in 110.39 ms, found 13 plugins.
Preloading 1 native plugins for Editor in 0.07 ms.
Package Manager log level set to [2]
System.Reflection.TargetInvocationException: Exception has been thrown by the target of an invocation. ---> System.NullReferenceException: Object reference not set to an instance of an object
  at Unity.XR.Oculus.OculusLoader.AssetPathToAbsolutePath (System.String assetPath) [0x0003d] in C:\Users\GenisSuriol\Documents\ProjectY\ProjectY\Library\PackageCache\com.unity.xr.oculus@3.2.2\Runtime\OculusLoader.cs:296 
  at Unity.XR.Oculus.OculusLoader.EditorLoadOVRPlugin () [0x0007b] in C:\Users\GenisSuriol\Documents\ProjectY\ProjectY\Library\PackageCache\com.unity.xr.oculus@3.2.2\Runtime\OculusLoader.cs:281 
  at (wrapper managed-to-native) System.Reflection.RuntimeMethodInfo.InternalInvoke(System.Reflection.RuntimeMethodInfo,object,object[],System.Exception&)
  at System.Reflection.RuntimeMethodInfo.Invoke (System.Object obj, System.Reflection.BindingFlags invokeAttr, System.Reflection.Binder binder, System.Object[] parameters, System.Globalization.CultureInfo culture) [0x0006a] in <d6232873609549b8a045fa15811a5bd3>:0 
   --- End of inner exception stack trace ---
  at System.Reflection.RuntimeMethodInfo.Invoke (System.Object obj, System.Reflection.BindingFlags invokeAttr, System.Reflection.Binder binder, System.Object[] parameters, System.Globalization.CultureInfo culture) [0x00083] in <d6232873609549b8a045fa15811a5bd3>:0 
  at System.Reflection.MethodBase.Invoke (System.Object obj, System.Object[] parameters) [0x00000] in <d6232873609549b8a045fa15811a5bd3>:0 
  at UnityEditor.EditorAssemblies.ProcessInitializeOnLoadMethodAttributes () [0x000a5] in <63965ae56af7489797f355b7c1211ab2>:0 
UnityEngine.StackTraceUtility:ExtractStackTrace ()
UnityEngine.DebugLogHandler:LogFormat (UnityEngine.LogType,UnityEngine.Object,string,object[])
UnityEngine.Logger:Log (UnityEngine.LogType,object)
UnityEngine.Debug:LogError (object)
UnityEditor.EditorAssemblies:ProcessInitializeOnLoadMethodAttributes ()

Mono: successfully reloaded assembly
- Completed reload, in  1.216 seconds
Domain Reload Profiling:
	ReloadAssembly (1217ms)
		BeginReloadAssembly (86ms)
			ExecutionOrderSort (0ms)
			DisableScriptedObjects (5ms)
			BackupInstance (0ms)
			ReleaseScriptingObjects (0ms)
			CreateAndSetChildDomain (14ms)
		EndReloadAssembly (1024ms)
			LoadAssemblies (74ms)
			RebuildTransferFunctionScriptingTraits (0ms)
			SetupTypeCache (243ms)
			ReleaseScriptCaches (1ms)
			RebuildScriptCaches (65ms)
			SetupLoadedEditorAssemblies (600ms)
				LogAssemblyErrors (0ms)
				InitializePlatformSupportModulesInManaged (3ms)
				SetLoadedEditorAssemblies (0ms)
				RefreshPlugins (111ms)
				BeforeProcessingInitializeOnLoad (119ms)
				ProcessInitializeOnLoadAttributes (288ms)
				ProcessInitializeOnLoadMethodAttributes (73ms)
				AfterProcessingInitializeOnLoad (6ms)
				EditorAssembliesLoaded (0ms)
			ExecutionOrderSort2 (0ms)
			AwakeInstancesAfterBackupRestoration (4ms)
Platform modules already initialized, skipping
========================================================================
Worker process is ready to serve import requests
Launched and connected shader compiler UnityShaderCompiler.exe after 0.03 seconds
Refreshing native plugins compatible for Editor in 1.12 ms, found 13 plugins.
Preloading 1 native plugins for Editor in 0.08 ms.
Unloading 6398 Unused Serialized files (Serialized files now loaded: 0)
Unloading 59 unused Assets / (381.0 KB). Loaded Objects now: 6866.
Memory consumption went from 273.2 MB to 272.8 MB.
Total: 3.715400 ms (FindLiveObjects: 0.467200 ms CreateObjectMapping: 0.512400 ms MarkObjects: 2.527700 ms  DeleteObjects: 0.207100 ms)

AssetImportParameters requested are different than current active one (requested -> active):
  custom:video-decoder-ogg-theora: a1e56fd34408186e4bbccfd4996cb3dc -> 
  custom:container-muxer-webm: aa71ff27fc2769a1b78a27578f13a17b -> 
  custom:container-demuxer-webm: 4f35f7cbe854078d1ac9338744f61a02 -> 
  custom:video-encoder-webm-vp8: eb34c28f22e8b96e1ab97ce403110664 -> 
  custom:audio-encoder-webm-vorbis: bf7c407c2cedff20999df2af8eb42d56 -> 
  custom:framework-win-MediaFoundation: 216162199b28c13a410421893ffa2e32 -> 
  custom:container-demuxer-ogg: 62fdf1f143b41e24485cea50d1cbac27 -> 
  custom:video-decoder-webm-vp8: 9c59270c3fd7afecdb556c50c9e8de78 -> 
  custom:audio-decoder-ogg-vorbis: bf7c407c2cedff20999df2af8eb42d56 -> 
========================================================================
Received Import Request.
  Time since last request: 843.381478 seconds.
  path: Assets/TextMesh Pro/Fonts/README.txt
  artifactKey: Guid(b10b5a78f6aa0074396a91387917b225) Importer(815301076,1909f56bfc062723c751e8b465ee728b)
Start importing Assets/TextMesh Pro/Fonts/README.txt using Guid(b10b5a78f6aa0074396a91387917b225) Importer(815301076,1909f56bfc062723c751e8b465ee728b)  -> (artifact id: 'ca074702034549e3b5ef50c87276cf0a') in 0.033530 seconds 
========================================================================
Received Import Request.
  Time since last request: 7.078132 seconds.
  path: Assets/TextMesh Pro/Japanese 3017.ttf
  artifactKey: Guid(6192c2536425aa6438176943ddf7da75) Importer(815301076,1909f56bfc062723c751e8b465ee728b)
Start importing Assets/TextMesh Pro/Japanese 3017.ttf using Guid(6192c2536425aa6438176943ddf7da75) Importer(815301076,1909f56bfc062723c751e8b465ee728b)  -> (artifact id: 'e289557b8a47e7c59d74504b10981ae6') in 0.191579 seconds 
========================================================================
Received Import Request.
  Time since last request: 166.523804 seconds.
  path: Assets/TextMesh Pro/Japanese 3017 SDF.asset
  artifactKey: Guid(d0f1bb953a1747f4996369f8453051e3) Importer(815301076,1909f56bfc062723c751e8b465ee728b)
Start importing Assets/TextMesh Pro/Japanese 3017 SDF.asset using Guid(d0f1bb953a1747f4996369f8453051e3) Importer(815301076,1909f56bfc062723c751e8b465ee728b)  -> (artifact id: '5e759432547bcd02eccaa1d4d5a19c47') in 0.032627 seconds 
========================================================================
Received Import Request.
  Time since last request: 25.345259 seconds.
  path: Assets/Art/Ui/New TMP Color Gradient.asset
  artifactKey: Guid(c1d2336dd3d97f046a53365230964214) Importer(815301076,1909f56bfc062723c751e8b465ee728b)
Start importing Assets/Art/Ui/New TMP Color Gradient.asset using Guid(c1d2336dd3d97f046a53365230964214) Importer(815301076,1909f56bfc062723c751e8b465ee728b)  -> (artifact id: '8cd350c6fe02e8438ce8bbee35bef7d6') in 0.005404 seconds 
========================================================================
Received Prepare
Registering precompiled user dll's ...
Registered in 0.009077 seconds.
Begin MonoManager ReloadAssembly
Symbol file LoadedFromMemory doesn't match image C:\Users\GenisSuriol\Documents\ProjectY\ProjectY\Library\PackageCache\com.unity.visualscripting@1.7.8\Editor\VisualScripting.Core\Dependencies\DotNetZip\Unity.VisualScripting.IonicZip.dll
Symbol file LoadedFromMemory doesn't match image C:\Users\GenisSuriol\Documents\ProjectY\ProjectY\Library\PackageCache\com.unity.visualscripting@1.7.8\Editor\VisualScripting.Core\Dependencies\YamlDotNet\Unity.VisualScripting.YamlDotNet.dll
Native extension for WindowsStandalone target not found
Refreshing native plugins compatible for Editor in 1.18 ms, found 13 plugins.
Preloading 1 native plugins for Editor in 0.10 ms.
System.Reflection.TargetInvocationException: Exception has been thrown by the target of an invocation. ---> System.NullReferenceException: Object reference not set to an instance of an object
  at Unity.XR.Oculus.OculusLoader.AssetPathToAbsolutePath (System.String assetPath) [0x0003d] in C:\Users\GenisSuriol\Documents\ProjectY\ProjectY\Library\PackageCache\com.unity.xr.oculus@3.2.2\Runtime\OculusLoader.cs:296 
  at Unity.XR.Oculus.OculusLoader.EditorLoadOVRPlugin () [0x0007b] in C:\Users\GenisSuriol\Documents\ProjectY\ProjectY\Library\PackageCache\com.unity.xr.oculus@3.2.2\Runtime\OculusLoader.cs:281 
  at (wrapper managed-to-native) System.Reflection.RuntimeMethodInfo.InternalInvoke(System.Reflection.RuntimeMethodInfo,object,object[],System.Exception&)
  at System.Reflection.RuntimeMethodInfo.Invoke (System.Object obj, System.Reflection.BindingFlags invokeAttr, System.Reflection.Binder binder, System.Object[] parameters, System.Globalization.CultureInfo culture) [0x0006a] in <d6232873609549b8a045fa15811a5bd3>:0 
   --- End of inner exception stack trace ---
  at System.Reflection.RuntimeMethodInfo.Invoke (System.Object obj, System.Reflection.BindingFlags invokeAttr, System.Reflection.Binder binder, System.Object[] parameters, System.Globalization.CultureInfo culture) [0x00083] in <d6232873609549b8a045fa15811a5bd3>:0 
  at System.Reflection.MethodBase.Invoke (System.Object obj, System.Object[] parameters) [0x00000] in <d6232873609549b8a045fa15811a5bd3>:0 
  at UnityEditor.EditorAssemblies.ProcessInitializeOnLoadMethodAttributes () [0x000a5] in <63965ae56af7489797f355b7c1211ab2>:0 
UnityEngine.StackTraceUtility:ExtractStackTrace ()
UnityEngine.DebugLogHandler:LogFormat (UnityEngine.LogType,UnityEngine.Object,string,object[])
UnityEngine.Logger:Log (UnityEngine.LogType,object)
UnityEngine.Debug:LogError (object)
UnityEditor.EditorAssemblies:ProcessInitializeOnLoadMethodAttributes ()

Mono: successfully reloaded assembly
- Completed reload, in  1.120 seconds
Domain Reload Profiling:
	ReloadAssembly (1120ms)
		BeginReloadAssembly (133ms)
			ExecutionOrderSort (0ms)
			DisableScriptedObjects (7ms)
			BackupInstance (0ms)
			ReleaseScriptingObjects (0ms)
			CreateAndSetChildDomain (36ms)
		EndReloadAssembly (899ms)
			LoadAssemblies (77ms)
			RebuildTransferFunctionScriptingTraits (0ms)
			SetupTypeCache (260ms)
			ReleaseScriptCaches (2ms)
			RebuildScriptCaches (54ms)
			SetupLoadedEditorAssemblies (437ms)
				LogAssemblyErrors (0ms)
				InitializePlatformSupportModulesInManaged (9ms)
				SetLoadedEditorAssemblies (0ms)
				RefreshPlugins (1ms)
				BeforeProcessingInitializeOnLoad (84ms)
				ProcessInitializeOnLoadAttributes (253ms)
				ProcessInitializeOnLoadMethodAttributes (83ms)
				AfterProcessingInitializeOnLoad (6ms)
				EditorAssembliesLoaded (0ms)
			ExecutionOrderSort2 (0ms)
			AwakeInstancesAfterBackupRestoration (17ms)
Platform modules already initialized, skipping
Refreshing native plugins compatible for Editor in 6.05 ms, found 13 plugins.
Preloading 1 native plugins for Editor in 0.07 ms.
Unloading 6216 Unused Serialized files (Serialized files now loaded: 0)
Unloading 50 unused Assets / (384.6 KB). Loaded Objects now: 6967.
Memory consumption went from 277.3 MB to 276.9 MB.
Total: 3.536300 ms (FindLiveObjects: 0.422700 ms CreateObjectMapping: 0.412600 ms MarkObjects: 2.522000 ms  DeleteObjects: 0.178000 ms)

AssetImportParameters requested are different than current active one (requested -> active):
  custom:video-decoder-ogg-theora: a1e56fd34408186e4bbccfd4996cb3dc -> 
  custom:container-muxer-webm: aa71ff27fc2769a1b78a27578f13a17b -> 
  custom:container-demuxer-webm: 4f35f7cbe854078d1ac9338744f61a02 -> 
  custom:video-encoder-webm-vp8: eb34c28f22e8b96e1ab97ce403110664 -> 
  custom:audio-encoder-webm-vorbis: bf7c407c2cedff20999df2af8eb42d56 -> 
  custom:framework-win-MediaFoundation: 216162199b28c13a410421893ffa2e32 -> 
  custom:container-demuxer-ogg: 62fdf1f143b41e24485cea50d1cbac27 -> 
  custom:video-decoder-webm-vp8: 9c59270c3fd7afecdb556c50c9e8de78 -> 
  custom:audio-decoder-ogg-vorbis: bf7c407c2cedff20999df2af8eb42d56 -> 
========================================================================
Received Prepare
Registering precompiled user dll's ...
Registered in 0.009109 seconds.
Begin MonoManager ReloadAssembly
Symbol file LoadedFromMemory doesn't match image C:\Users\GenisSuriol\Documents\ProjectY\ProjectY\Library\PackageCache\com.unity.visualscripting@1.7.8\Editor\VisualScripting.Core\Dependencies\DotNetZip\Unity.VisualScripting.IonicZip.dll
Symbol file LoadedFromMemory doesn't match image C:\Users\GenisSuriol\Documents\ProjectY\ProjectY\Library\PackageCache\com.unity.visualscripting@1.7.8\Editor\VisualScripting.Core\Dependencies\YamlDotNet\Unity.VisualScripting.YamlDotNet.dll
Native extension for WindowsStandalone target not found
Refreshing native plugins compatible for Editor in 1.88 ms, found 13 plugins.
Preloading 1 native plugins for Editor in 0.10 ms.
System.Reflection.TargetInvocationException: Exception has been thrown by the target of an invocation. ---> System.NullReferenceException: Object reference not set to an instance of an object
  at Unity.XR.Oculus.OculusLoader.AssetPathToAbsolutePath (System.String assetPath) [0x0003d] in C:\Users\GenisSuriol\Documents\ProjectY\ProjectY\Library\PackageCache\com.unity.xr.oculus@3.2.2\Runtime\OculusLoader.cs:296 
  at Unity.XR.Oculus.OculusLoader.EditorLoadOVRPlugin () [0x0007b] in C:\Users\GenisSuriol\Documents\ProjectY\ProjectY\Library\PackageCache\com.unity.xr.oculus@3.2.2\Runtime\OculusLoader.cs:281 
  at (wrapper managed-to-native) System.Reflection.RuntimeMethodInfo.InternalInvoke(System.Reflection.RuntimeMethodInfo,object,object[],System.Exception&)
  at System.Reflection.RuntimeMethodInfo.Invoke (System.Object obj, System.Reflection.BindingFlags invokeAttr, System.Reflection.Binder binder, System.Object[] parameters, System.Globalization.CultureInfo culture) [0x0006a] in <d6232873609549b8a045fa15811a5bd3>:0 
   --- End of inner exception stack trace ---
  at System.Reflection.RuntimeMethodInfo.Invoke (System.Object obj, System.Reflection.BindingFlags invokeAttr, System.Reflection.Binder binder, System.Object[] parameters, System.Globalization.CultureInfo culture) [0x00083] in <d6232873609549b8a045fa15811a5bd3>:0 
  at System.Reflection.MethodBase.Invoke (System.Object obj, System.Object[] parameters) [0x00000] in <d6232873609549b8a045fa15811a5bd3>:0 
  at UnityEditor.EditorAssemblies.ProcessInitializeOnLoadMethodAttributes () [0x000a5] in <63965ae56af7489797f355b7c1211ab2>:0 
UnityEngine.StackTraceUtility:ExtractStackTrace ()
UnityEngine.DebugLogHandler:LogFormat (UnityEngine.LogType,UnityEngine.Object,string,object[])
UnityEngine.Logger:Log (UnityEngine.LogType,object)
UnityEngine.Debug:LogError (object)
UnityEditor.EditorAssemblies:ProcessInitializeOnLoadMethodAttributes ()

Mono: successfully reloaded assembly
- Completed reload, in  1.102 seconds
Domain Reload Profiling:
	ReloadAssembly (1103ms)
		BeginReloadAssembly (117ms)
			ExecutionOrderSort (0ms)
			DisableScriptedObjects (5ms)
			BackupInstance (0ms)
			ReleaseScriptingObjects (0ms)
			CreateAndSetChildDomain (33ms)
		EndReloadAssembly (898ms)
			LoadAssemblies (78ms)
			RebuildTransferFunctionScriptingTraits (0ms)
			SetupTypeCache (263ms)
			ReleaseScriptCaches (2ms)
			RebuildScriptCaches (43ms)
			SetupLoadedEditorAssemblies (447ms)
				LogAssemblyErrors (0ms)
				InitializePlatformSupportModulesInManaged (10ms)
				SetLoadedEditorAssemblies (1ms)
				RefreshPlugins (2ms)
				BeforeProcessingInitializeOnLoad (84ms)
				ProcessInitializeOnLoadAttributes (268ms)
				ProcessInitializeOnLoadMethodAttributes (76ms)
				AfterProcessingInitializeOnLoad (6ms)
				EditorAssembliesLoaded (0ms)
			ExecutionOrderSort2 (0ms)
			AwakeInstancesAfterBackupRestoration (14ms)
Platform modules already initialized, skipping
Refreshing native plugins compatible for Editor in 5.28 ms, found 13 plugins.
Preloading 1 native plugins for Editor in 0.07 ms.
Unloading 6216 Unused Serialized files (Serialized files now loaded: 0)
Unloading 50 unused Assets / (371.0 KB). Loaded Objects now: 6971.
Memory consumption went from 277.2 MB to 276.9 MB.
Total: 3.807500 ms (FindLiveObjects: 0.431900 ms CreateObjectMapping: 0.512400 ms MarkObjects: 2.671100 ms  DeleteObjects: 0.191200 ms)

AssetImportParameters requested are different than current active one (requested -> active):
  custom:video-decoder-ogg-theora: a1e56fd34408186e4bbccfd4996cb3dc -> 
  custom:container-muxer-webm: aa71ff27fc2769a1b78a27578f13a17b -> 
  custom:container-demuxer-webm: 4f35f7cbe854078d1ac9338744f61a02 -> 
  custom:video-encoder-webm-vp8: eb34c28f22e8b96e1ab97ce403110664 -> 
  custom:audio-encoder-webm-vorbis: bf7c407c2cedff20999df2af8eb42d56 -> 
  custom:framework-win-MediaFoundation: 216162199b28c13a410421893ffa2e32 -> 
  custom:container-demuxer-ogg: 62fdf1f143b41e24485cea50d1cbac27 -> 
  custom:video-decoder-webm-vp8: 9c59270c3fd7afecdb556c50c9e8de78 -> 
  custom:audio-decoder-ogg-vorbis: bf7c407c2cedff20999df2af8eb42d56 -> 
========================================================================
Received Import Request.
  Time since last request: 439.164546 seconds.
  path: Assets/TextMesh Pro/Japanese 3017 SDF.asset
  artifactKey: Guid(d0f1bb953a1747f4996369f8453051e3) Importer(815301076,1909f56bfc062723c751e8b465ee728b)
Start importing Assets/TextMesh Pro/Japanese 3017 SDF.asset using Guid(d0f1bb953a1747f4996369f8453051e3) Importer(815301076,1909f56bfc062723c751e8b465ee728b)  -> (artifact id: '975c2f477857a7993de54a83ad9a0d69') in 0.201174 seconds 
========================================================================
Received Import Request.
  Time since last request: 5443.432233 seconds.
  path: Assets/Textures/whackaKappa_tx/wk_stall_DefaultMaterial_Emissive.png
  artifactKey: Guid(11df28e836e3b4f49a4e397168ecb0ba) Importer(815301076,1909f56bfc062723c751e8b465ee728b)
Start importing Assets/Textures/whackaKappa_tx/wk_stall_DefaultMaterial_Emissive.png using Guid(11df28e836e3b4f49a4e397168ecb0ba) Importer(815301076,1909f56bfc062723c751e8b465ee728b)  -> (artifact id: 'ab0c6a62d19dbf3ab782a03464aa1ce1') in 0.050582 seconds 
========================================================================
Received Import Request.
  Time since last request: 7391.438716 seconds.
  path: Assets/Textures/other_tx/Nornia_LP_Cavina1_Normal.png
  artifactKey: Guid(42a30f5b8c3d43b44bf7dcc38c991be4) Importer(815301076,1909f56bfc062723c751e8b465ee728b)
Start importing Assets/Textures/other_tx/Nornia_LP_Cavina1_Normal.png using Guid(42a30f5b8c3d43b44bf7dcc38c991be4) Importer(815301076,1909f56bfc062723c751e8b465ee728b)  -> (artifact id: '1d18c243de34b641b2e9d85086fa9b09') in 0.058667 seconds 
========================================================================
Received Import Request.
  Time since last request: 4.294150 seconds.
  path: Assets/Textures/other_tx/Nornia_LP_Cavina1_Normal.png
  artifactKey: Guid(42a30f5b8c3d43b44bf7dcc38c991be4) Importer(815301076,1909f56bfc062723c751e8b465ee728b)
Start importing Assets/Textures/other_tx/Nornia_LP_Cavina1_Normal.png using Guid(42a30f5b8c3d43b44bf7dcc38c991be4) Importer(815301076,1909f56bfc062723c751e8b465ee728b)  -> (artifact id: '24e13723d5d8da9ce46fb4a6883171a6') in 0.028315 seconds 
========================================================================
Received Import Request.
  Time since last request: 5.030185 seconds.
  path: Assets/Textures/other_tx/Nornia_LP_Noria1_Normal.png
  artifactKey: Guid(ada628bfc974fda4faf6ee86d454fa91) Importer(815301076,1909f56bfc062723c751e8b465ee728b)
Start importing Assets/Textures/other_tx/Nornia_LP_Noria1_Normal.png using Guid(ada628bfc974fda4faf6ee86d454fa91) Importer(815301076,1909f56bfc062723c751e8b465ee728b)  -> (artifact id: '203f9e872e001b0503af696f8a8a0a46') in 0.028871 seconds 
========================================================================
Received Import Request.
  Time since last request: 35.935685 seconds.
  path: Assets/Textures/other_tx/Nornia_LP_Noria1_BaseMap.png
  artifactKey: Guid(6c8873b9ad7f40645b0d4d2944fa8842) Importer(815301076,1909f56bfc062723c751e8b465ee728b)
Start importing Assets/Textures/other_tx/Nornia_LP_Noria1_BaseMap.png using Guid(6c8873b9ad7f40645b0d4d2944fa8842) Importer(815301076,1909f56bfc062723c751e8b465ee728b)  -> (artifact id: '025e53b2791a16141db0f643eeb19630') in 0.010247 seconds 
========================================================================
Received Import Request.
  Time since last request: 2.894767 seconds.
  path: Assets/Textures/other_tx/Nornia_LP_Noria1_Emissive.png
  artifactKey: Guid(ee79f1793f8ff7f479fee244b17e8893) Importer(815301076,1909f56bfc062723c751e8b465ee728b)
Start importing Assets/Textures/other_tx/Nornia_LP_Noria1_Emissive.png using Guid(ee79f1793f8ff7f479fee244b17e8893) Importer(815301076,1909f56bfc062723c751e8b465ee728b)  -> (artifact id: '55ca6cd6979e3b5981b42b3ad3eecfd0') in 0.014854 seconds 
========================================================================
Received Import Request.
  Time since last request: 11.849676 seconds.
  path: Assets/Textures/other_tx/Nornia_LP_Noria1_MaskMap.png
  artifactKey: Guid(6de24043a350f63499047a90e5cc8e3c) Importer(815301076,1909f56bfc062723c751e8b465ee728b)
Start importing Assets/Textures/other_tx/Nornia_LP_Noria1_MaskMap.png using Guid(6de24043a350f63499047a90e5cc8e3c) Importer(815301076,1909f56bfc062723c751e8b465ee728b)  -> (artifact id: '88104f25810c76311cb41eba8ea687bf') in 0.024858 seconds 
========================================================================
Received Import Request.
  Time since last request: 11.473432 seconds.
  path: Assets/Textures/other_tx/Nornia_LP_Noria1_Normal.png
  artifactKey: Guid(ada628bfc974fda4faf6ee86d454fa91) Importer(815301076,1909f56bfc062723c751e8b465ee728b)
Start importing Assets/Textures/other_tx/Nornia_LP_Noria1_Normal.png using Guid(ada628bfc974fda4faf6ee86d454fa91) Importer(815301076,1909f56bfc062723c751e8b465ee728b)  -> (artifact id: '6eaf48599563a238cd5bdca27339fc0e') in 0.029504 seconds 
========================================================================
Received Import Request.
  Time since last request: 83.833602 seconds.
  path: Assets/Textures/other_tx/Nornia_LP_Noria1_Emissive.png
  artifactKey: Guid(ee79f1793f8ff7f479fee244b17e8893) Importer(815301076,1909f56bfc062723c751e8b465ee728b)
Start importing Assets/Textures/other_tx/Nornia_LP_Noria1_Emissive.png using Guid(ee79f1793f8ff7f479fee244b17e8893) Importer(815301076,1909f56bfc062723c751e8b465ee728b)  -> (artifact id: '4ee489c091a25e9ed01f77891a8949ab') in 0.028980 seconds 
========================================================================
Received Import Request.
  Time since last request: 15.200016 seconds.
  path: Assets/Textures/other_tx/Nornia_LP_Cavina1_BaseMap.png
  artifactKey: Guid(39e1a7608da651f46b4d70d71c919119) Importer(815301076,1909f56bfc062723c751e8b465ee728b)
Start importing Assets/Textures/other_tx/Nornia_LP_Cavina1_BaseMap.png using Guid(39e1a7608da651f46b4d70d71c919119) Importer(815301076,1909f56bfc062723c751e8b465ee728b)  -> (artifact id: '98fc31c772a2788d5c82c71929a78557') in 0.037271 seconds 
========================================================================
Received Import Request.
  Time since last request: 80.262512 seconds.
  path: Assets/_Scripts/Managers
  artifactKey: Guid(8c0691cfd8bd7244ca5d3973fe15fc80) Importer(815301076,1909f56bfc062723c751e8b465ee728b)
Start importing Assets/_Scripts/Managers using Guid(8c0691cfd8bd7244ca5d3973fe15fc80) Importer(815301076,1909f56bfc062723c751e8b465ee728b)  -> (artifact id: '17dacf59bebf8bf8982c782cd46d41dc') in 0.005212 seconds 
========================================================================
Received Import Request.
  Time since last request: 412.036132 seconds.
  path: Assets/Materials/OtherMatirials
  artifactKey: Guid(e62a772a9a3320e4fb047069b3954189) Importer(815301076,1909f56bfc062723c751e8b465ee728b)
Start importing Assets/Materials/OtherMatirials using Guid(e62a772a9a3320e4fb047069b3954189) Importer(815301076,1909f56bfc062723c751e8b465ee728b)  -> (artifact id: 'fa2aa0ca0d5a866b607a751bb1323668') in 0.007235 seconds 
========================================================================
Received Import Request.
  Time since last request: 15.966227 seconds.
  path: Assets/Textures/Brushes
  artifactKey: Guid(1076162b370e0e74db003c14d7361907) Importer(815301076,1909f56bfc062723c751e8b465ee728b)
Start importing Assets/Textures/Brushes using Guid(1076162b370e0e74db003c14d7361907) Importer(815301076,1909f56bfc062723c751e8b465ee728b)  -> (artifact id: 'e1814a95de7d3c447c375913b18463e7') in 0.008136 seconds 
========================================================================
Received Import Request.
  Time since last request: 8.337730 seconds.
  path: Assets/Materials/PropMaterials/MasterNode.shadergraph
  artifactKey: Guid(84e405ede749afa4eb8b0a0ed48206eb) Importer(815301076,1909f56bfc062723c751e8b465ee728b)
Start importing Assets/Materials/PropMaterials/MasterNode.shadergraph using Guid(84e405ede749afa4eb8b0a0ed48206eb) Importer(815301076,1909f56bfc062723c751e8b465ee728b)  -> (artifact id: '38902a9b16a9adb3daf8eb546d45ca37') in 0.008913 seconds 
========================================================================
Received Import Request.
  Time since last request: 1450.632257 seconds.
  path: Assets/Materials/PropMaterials/MasterNode_Transparent.shadergraph
  artifactKey: Guid(7777b688e8b64aa4293ed6d699f6f5c0) Importer(815301076,1909f56bfc062723c751e8b465ee728b)
Start importing Assets/Materials/PropMaterials/MasterNode_Transparent.shadergraph using Guid(7777b688e8b64aa4293ed6d699f6f5c0) Importer(815301076,1909f56bfc062723c751e8b465ee728b)  -> (artifact id: 'e5a9dd5c572fc7d70f656dedc14ee597') in 0.005734 seconds 
========================================================================
Received Import Request.
  Time since last request: 1.559366 seconds.
  path: Assets/Materials/PropMaterials/MasterNode.shadergraph
  artifactKey: Guid(84e405ede749afa4eb8b0a0ed48206eb) Importer(815301076,1909f56bfc062723c751e8b465ee728b)
Start importing Assets/Materials/PropMaterials/MasterNode.shadergraph using Guid(84e405ede749afa4eb8b0a0ed48206eb) Importer(815301076,1909f56bfc062723c751e8b465ee728b)  -> (artifact id: 'a4aa75696f711490ee32ac5911ef05f6') in 0.001805 seconds 
========================================================================
Received Import Request.
  Time since last request: 1.288309 seconds.
  path: Assets/Materials/PropMaterials/MasterNode 1.shadergraph
  artifactKey: Guid(c3e0b3fbb25f7cc4e8be969fca91a505) Importer(815301076,1909f56bfc062723c751e8b465ee728b)
Start importing Assets/Materials/PropMaterials/MasterNode 1.shadergraph using Guid(c3e0b3fbb25f7cc4e8be969fca91a505) Importer(815301076,1909f56bfc062723c751e8b465ee728b)  -> (artifact id: 'e4b1bf7f5c0287ef978c6e1827389d41') in 0.010415 seconds 
========================================================================
Received Import Request.
  Time since last request: 8.895609 seconds.
  path: Assets/Materials/PropMaterials/MasterNodeNoria.shadergraph
  artifactKey: Guid(c3e0b3fbb25f7cc4e8be969fca91a505) Importer(815301076,1909f56bfc062723c751e8b465ee728b)
Start importing Assets/Materials/PropMaterials/MasterNodeNoria.shadergraph using Guid(c3e0b3fbb25f7cc4e8be969fca91a505) Importer(815301076,1909f56bfc062723c751e8b465ee728b)  -> (artifact id: '98ab68338b8e8b1b39ada00627729b80') in 0.006422 seconds 
========================================================================
Received Import Request.
  Time since last request: 165.566994 seconds.
  path: Assets/Materials/PropMaterials/MasterNodeNoria.shadergraph
  artifactKey: Guid(c3e0b3fbb25f7cc4e8be969fca91a505) Importer(815301076,1909f56bfc062723c751e8b465ee728b)
Start importing Assets/Materials/PropMaterials/MasterNodeNoria.shadergraph using Guid(c3e0b3fbb25f7cc4e8be969fca91a505) Importer(815301076,1909f56bfc062723c751e8b465ee728b)  -> (artifact id: '7653f860b87de4a7912bea62e4a469ba') in 0.003165 seconds 
